[2026-02-27T17:56:05,970][INFO ][o.a.l.i.v.PanamaVectorizationProvider] [D-23-7934] Java vector incubator API enabled; uses preferredBitSize=512; FMA enabled
[2026-02-27T17:56:06,309][INFO ][o.e.n.Node               ] [D-23-7934] version[8.12.0], pid[39793], build[tar/1665f706fd9354802c02146c1e6b5c0fbcddfbc9/2024-01-11T10:05:27.953830042Z], OS[Linux/6.8.0-101-generic/amd64], JVM[Oracle Corporation/OpenJDK 64-Bit Server VM/21.0.1/21.0.1+12-29]
[2026-02-27T17:56:06,310][INFO ][o.e.n.Node               ] [D-23-7934] JVM home [/home/dev/Documents/Tasks/Training/Project_2/elasticsearch-8.12.0/jdk], using bundled JDK [true]
[2026-02-27T17:56:06,311][INFO ][o.e.n.Node               ] [D-23-7934] JVM arguments [-Des.networkaddress.cache.ttl=60, -Des.networkaddress.cache.negative.ttl=10, -Djava.security.manager=allow, -XX:+AlwaysPreTouch, -Xss1m, -Djava.awt.headless=true, -Dfile.encoding=UTF-8, -Djna.nosys=true, -XX:-OmitStackTraceInFastThrow, -Dio.netty.noUnsafe=true, -Dio.netty.noKeySetOptimization=true, -Dio.netty.recycler.maxCapacityPerThread=0, -Dlog4j.shutdownHookEnabled=false, -Dlog4j2.disable.jmx=true, -Dlog4j2.formatMsgNoLookups=true, -Djava.locale.providers=SPI,COMPAT, --add-opens=java.base/java.io=org.elasticsearch.preallocate, -XX:+UseG1GC, -Djava.io.tmpdir=/tmp/elasticsearch-15215169589476927581, --add-modules=jdk.incubator.vector, -XX:CompileCommand=exclude,org.apache.lucene.util.MSBRadixSorter::computeCommonPrefixLengthAndBuildHistogram, -XX:CompileCommand=exclude,org.apache.lucene.util.RadixSelector::computeCommonPrefixLengthAndBuildHistogram, -XX:+HeapDumpOnOutOfMemoryError, -XX:+ExitOnOutOfMemoryError, -XX:HeapDumpPath=data, -XX:ErrorFile=logs/hs_err_pid%p.log, -Xlog:gc*,gc+age=trace,safepoint:file=logs/gc.log:utctime,level,pid,tags:filecount=32,filesize=64m, -Xms7868m, -Xmx7868m, -XX:MaxDirectMemorySize=4125097984, -XX:G1HeapRegionSize=4m, -XX:InitiatingHeapOccupancyPercent=30, -XX:G1ReservePercent=15, -Des.distribution.type=tar, --module-path=/home/dev/Documents/Tasks/Training/Project_2/elasticsearch-8.12.0/lib, --add-modules=jdk.net, --add-modules=ALL-MODULE-PATH, -Djdk.module.main=org.elasticsearch.server]
[2026-02-27T17:56:08,547][INFO ][o.e.p.PluginsService     ] [D-23-7934] loaded module [repository-url]
[2026-02-27T17:56:08,547][INFO ][o.e.p.PluginsService     ] [D-23-7934] loaded module [rest-root]
[2026-02-27T17:56:08,547][INFO ][o.e.p.PluginsService     ] [D-23-7934] loaded module [x-pack-core]
[2026-02-27T17:56:08,547][INFO ][o.e.p.PluginsService     ] [D-23-7934] loaded module [x-pack-redact]
[2026-02-27T17:56:08,548][INFO ][o.e.p.PluginsService     ] [D-23-7934] loaded module [ingest-user-agent]
[2026-02-27T17:56:08,548][INFO ][o.e.p.PluginsService     ] [D-23-7934] loaded module [x-pack-async-search]
[2026-02-27T17:56:08,548][INFO ][o.e.p.PluginsService     ] [D-23-7934] loaded module [x-pack-monitoring]
[2026-02-27T17:56:08,548][INFO ][o.e.p.PluginsService     ] [D-23-7934] loaded module [repository-s3]
[2026-02-27T17:56:08,548][INFO ][o.e.p.PluginsService     ] [D-23-7934] loaded module [x-pack-analytics]
[2026-02-27T17:56:08,548][INFO ][o.e.p.PluginsService     ] [D-23-7934] loaded module [x-pack-ent-search]
[2026-02-27T17:56:08,548][INFO ][o.e.p.PluginsService     ] [D-23-7934] loaded module [x-pack-autoscaling]
[2026-02-27T17:56:08,548][INFO ][o.e.p.PluginsService     ] [D-23-7934] loaded module [lang-painless]
[2026-02-27T17:56:08,549][INFO ][o.e.p.PluginsService     ] [D-23-7934] loaded module [x-pack-ml]
[2026-02-27T17:56:08,549][INFO ][o.e.p.PluginsService     ] [D-23-7934] loaded module [legacy-geo]
[2026-02-27T17:56:08,549][INFO ][o.e.p.PluginsService     ] [D-23-7934] loaded module [lang-mustache]
[2026-02-27T17:56:08,549][INFO ][o.e.p.PluginsService     ] [D-23-7934] loaded module [x-pack-ql]
[2026-02-27T17:56:08,549][INFO ][o.e.p.PluginsService     ] [D-23-7934] loaded module [rank-rrf]
[2026-02-27T17:56:08,549][INFO ][o.e.p.PluginsService     ] [D-23-7934] loaded module [analysis-common]
[2026-02-27T17:56:08,549][INFO ][o.e.p.PluginsService     ] [D-23-7934] loaded module [health-shards-availability]
[2026-02-27T17:56:08,549][INFO ][o.e.p.PluginsService     ] [D-23-7934] loaded module [transport-netty4]
[2026-02-27T17:56:08,549][INFO ][o.e.p.PluginsService     ] [D-23-7934] loaded module [aggregations]
[2026-02-27T17:56:08,550][INFO ][o.e.p.PluginsService     ] [D-23-7934] loaded module [ingest-common]
[2026-02-27T17:56:08,550][INFO ][o.e.p.PluginsService     ] [D-23-7934] loaded module [frozen-indices]
[2026-02-27T17:56:08,550][INFO ][o.e.p.PluginsService     ] [D-23-7934] loaded module [x-pack-identity-provider]
[2026-02-27T17:56:08,550][INFO ][o.e.p.PluginsService     ] [D-23-7934] loaded module [x-pack-shutdown]
[2026-02-27T17:56:08,550][INFO ][o.e.p.PluginsService     ] [D-23-7934] loaded module [x-pack-text-structure]
[2026-02-27T17:56:08,551][INFO ][o.e.p.PluginsService     ] [D-23-7934] loaded module [snapshot-repo-test-kit]
[2026-02-27T17:56:08,551][INFO ][o.e.p.PluginsService     ] [D-23-7934] loaded module [ml-package-loader]
[2026-02-27T17:56:08,551][INFO ][o.e.p.PluginsService     ] [D-23-7934] loaded module [kibana]
[2026-02-27T17:56:08,551][INFO ][o.e.p.PluginsService     ] [D-23-7934] loaded module [constant-keyword]
[2026-02-27T17:56:08,551][INFO ][o.e.p.PluginsService     ] [D-23-7934] loaded module [x-pack-logstash]
[2026-02-27T17:56:08,551][INFO ][o.e.p.PluginsService     ] [D-23-7934] loaded module [x-pack-ccr]
[2026-02-27T17:56:08,552][INFO ][o.e.p.PluginsService     ] [D-23-7934] loaded module [x-pack-graph]
[2026-02-27T17:56:08,552][INFO ][o.e.p.PluginsService     ] [D-23-7934] loaded module [x-pack-esql]
[2026-02-27T17:56:08,552][INFO ][o.e.p.PluginsService     ] [D-23-7934] loaded module [parent-join]
[2026-02-27T17:56:08,552][INFO ][o.e.p.PluginsService     ] [D-23-7934] loaded module [x-pack-enrich]
[2026-02-27T17:56:08,552][INFO ][o.e.p.PluginsService     ] [D-23-7934] loaded module [counted-keyword]
[2026-02-27T17:56:08,552][INFO ][o.e.p.PluginsService     ] [D-23-7934] loaded module [repositories-metering-api]
[2026-02-27T17:56:08,553][INFO ][o.e.p.PluginsService     ] [D-23-7934] loaded module [transform]
[2026-02-27T17:56:08,553][INFO ][o.e.p.PluginsService     ] [D-23-7934] loaded module [repository-azure]
[2026-02-27T17:56:08,553][INFO ][o.e.p.PluginsService     ] [D-23-7934] loaded module [repository-gcs]
[2026-02-27T17:56:08,553][INFO ][o.e.p.PluginsService     ] [D-23-7934] loaded module [spatial]
[2026-02-27T17:56:08,553][INFO ][o.e.p.PluginsService     ] [D-23-7934] loaded module [mapper-version]
[2026-02-27T17:56:08,553][INFO ][o.e.p.PluginsService     ] [D-23-7934] loaded module [mapper-extras]
[2026-02-27T17:56:08,553][INFO ][o.e.p.PluginsService     ] [D-23-7934] loaded module [apm]
[2026-02-27T17:56:08,553][INFO ][o.e.p.PluginsService     ] [D-23-7934] loaded module [x-pack-rollup]
[2026-02-27T17:56:08,553][INFO ][o.e.p.PluginsService     ] [D-23-7934] loaded module [percolator]
[2026-02-27T17:56:08,554][INFO ][o.e.p.PluginsService     ] [D-23-7934] loaded module [x-pack-stack]
[2026-02-27T17:56:08,554][INFO ][o.e.p.PluginsService     ] [D-23-7934] loaded module [data-streams]
[2026-02-27T17:56:08,554][INFO ][o.e.p.PluginsService     ] [D-23-7934] loaded module [rank-eval]
[2026-02-27T17:56:08,554][INFO ][o.e.p.PluginsService     ] [D-23-7934] loaded module [reindex]
[2026-02-27T17:56:08,554][INFO ][o.e.p.PluginsService     ] [D-23-7934] loaded module [x-pack-security]
[2026-02-27T17:56:08,554][INFO ][o.e.p.PluginsService     ] [D-23-7934] loaded module [blob-cache]
[2026-02-27T17:56:08,554][INFO ][o.e.p.PluginsService     ] [D-23-7934] loaded module [searchable-snapshots]
[2026-02-27T17:56:08,554][INFO ][o.e.p.PluginsService     ] [D-23-7934] loaded module [x-pack-slm]
[2026-02-27T17:56:08,554][INFO ][o.e.p.PluginsService     ] [D-23-7934] loaded module [snapshot-based-recoveries]
[2026-02-27T17:56:08,554][INFO ][o.e.p.PluginsService     ] [D-23-7934] loaded module [x-pack-watcher]
[2026-02-27T17:56:08,555][INFO ][o.e.p.PluginsService     ] [D-23-7934] loaded module [old-lucene-versions]
[2026-02-27T17:56:08,555][INFO ][o.e.p.PluginsService     ] [D-23-7934] loaded module [x-pack-ilm]
[2026-02-27T17:56:08,555][INFO ][o.e.p.PluginsService     ] [D-23-7934] loaded module [x-pack-voting-only-node]
[2026-02-27T17:56:08,555][INFO ][o.e.p.PluginsService     ] [D-23-7934] loaded module [x-pack-inference]
[2026-02-27T17:56:08,555][INFO ][o.e.p.PluginsService     ] [D-23-7934] loaded module [x-pack-deprecation]
[2026-02-27T17:56:08,555][INFO ][o.e.p.PluginsService     ] [D-23-7934] loaded module [x-pack-fleet]
[2026-02-27T17:56:08,555][INFO ][o.e.p.PluginsService     ] [D-23-7934] loaded module [x-pack-profiling]
[2026-02-27T17:56:08,555][INFO ][o.e.p.PluginsService     ] [D-23-7934] loaded module [x-pack-aggregate-metric]
[2026-02-27T17:56:08,555][INFO ][o.e.p.PluginsService     ] [D-23-7934] loaded module [x-pack-downsample]
[2026-02-27T17:56:08,555][INFO ][o.e.p.PluginsService     ] [D-23-7934] loaded module [ingest-geoip]
[2026-02-27T17:56:08,556][INFO ][o.e.p.PluginsService     ] [D-23-7934] loaded module [x-pack-write-load-forecaster]
[2026-02-27T17:56:08,556][INFO ][o.e.p.PluginsService     ] [D-23-7934] loaded module [search-business-rules]
[2026-02-27T17:56:08,556][INFO ][o.e.p.PluginsService     ] [D-23-7934] loaded module [wildcard]
[2026-02-27T17:56:08,556][INFO ][o.e.p.PluginsService     ] [D-23-7934] loaded module [ingest-attachment]
[2026-02-27T17:56:08,556][INFO ][o.e.p.PluginsService     ] [D-23-7934] loaded module [x-pack-apm-data]
[2026-02-27T17:56:08,556][INFO ][o.e.p.PluginsService     ] [D-23-7934] loaded module [x-pack-sql]
[2026-02-27T17:56:08,556][INFO ][o.e.p.PluginsService     ] [D-23-7934] loaded module [unsigned-long]
[2026-02-27T17:56:08,556][INFO ][o.e.p.PluginsService     ] [D-23-7934] loaded module [runtime-fields-common]
[2026-02-27T17:56:08,556][INFO ][o.e.p.PluginsService     ] [D-23-7934] loaded module [x-pack-async]
[2026-02-27T17:56:08,556][INFO ][o.e.p.PluginsService     ] [D-23-7934] loaded module [vector-tile]
[2026-02-27T17:56:08,556][INFO ][o.e.p.PluginsService     ] [D-23-7934] loaded module [lang-expression]
[2026-02-27T17:56:08,557][INFO ][o.e.p.PluginsService     ] [D-23-7934] loaded module [x-pack-eql]
[2026-02-27T17:56:09,070][INFO ][o.e.e.NodeEnvironment    ] [D-23-7934] using [1] data paths, mounts [[/ (/dev/nvme0n1p3)]], net usable_space [177.8gb], net total_space [214.4gb], types [ext4]
[2026-02-27T17:56:09,071][INFO ][o.e.e.NodeEnvironment    ] [D-23-7934] heap size [7.6gb], compressed ordinary object pointers [true]
[2026-02-27T17:56:09,076][INFO ][o.e.n.Node               ] [D-23-7934] node name [D-23-7934], node ID [C30-ZzqhS2eH2fPlr_pwOQ], cluster name [elasticsearch], roles [ml, data_hot, transform, data_content, data_warm, master, remote_cluster_client, data, data_cold, ingest, data_frozen]
[2026-02-27T17:56:11,805][INFO ][o.e.f.FeatureService     ] [D-23-7934] Registered local node features [features_supported, health.dsl.info, usage.data_tiers.precalculate_stats]
[2026-02-27T17:56:12,272][INFO ][o.e.x.m.p.l.CppLogMessageHandler] [D-23-7934] [controller/39820] [Main.cc@123] controller (64 bit): Version 8.12.0 (Build 6d7767a4b41f4c) Copyright (c) 2024 Elasticsearch BV
[2026-02-27T17:56:12,468][INFO ][o.e.t.a.APM              ] [D-23-7934] Sending apm metrics is disabled
[2026-02-27T17:56:12,468][INFO ][o.e.t.a.APM              ] [D-23-7934] Sending apm traces is disabled
[2026-02-27T17:56:12,485][INFO ][o.e.x.s.Security         ] [D-23-7934] Security is enabled
[2026-02-27T17:56:12,807][INFO ][o.e.x.s.a.s.FileRolesStore] [D-23-7934] parsed [0] roles from file [/home/dev/Documents/Tasks/Training/Project_2/elasticsearch-8.12.0/config/roles.yml]
[2026-02-27T17:56:13,246][INFO ][o.e.x.w.Watcher          ] [D-23-7934] Watcher initialized components at 2026-02-27T12:56:13.246Z
[2026-02-27T17:56:13,288][INFO ][o.e.x.p.ProfilingPlugin  ] [D-23-7934] Profiling is enabled
[2026-02-27T17:56:13,304][INFO ][o.e.x.p.ProfilingPlugin  ] [D-23-7934] profiling index templates will not be installed or reinstalled
[2026-02-27T17:56:13,332][INFO ][o.e.x.a.APMPlugin        ] [D-23-7934] APM ingest plugin is disabled
[2026-02-27T17:56:13,737][INFO ][o.e.t.n.NettyAllocator   ] [D-23-7934] creating NettyAllocator with the following configs: [name=elasticsearch_configured, chunk_size=1mb, suggested_max_allocation_size=1mb, factors={es.unsafe.use_netty_default_chunk_and_page_size=false, g1gc_enabled=true, g1gc_region_size=4mb}]
[2026-02-27T17:56:13,789][INFO ][o.e.i.r.RecoverySettings ] [D-23-7934] using rate limit [40mb] with [default=40mb, read=0b, write=0b, max=0b]
[2026-02-27T17:56:13,831][INFO ][o.e.d.DiscoveryModule    ] [D-23-7934] using discovery type [multi-node] and seed hosts providers [settings]
[2026-02-27T17:56:14,797][INFO ][o.e.n.Node               ] [D-23-7934] initialized
[2026-02-27T17:56:14,798][INFO ][o.e.n.Node               ] [D-23-7934] starting ...
[2026-02-27T17:56:14,809][INFO ][o.e.x.s.c.f.PersistentCache] [D-23-7934] persistent cache index loaded
[2026-02-27T17:56:14,809][INFO ][o.e.x.d.l.DeprecationIndexingComponent] [D-23-7934] deprecation component started
[2026-02-27T17:56:14,868][INFO ][o.e.t.TransportService   ] [D-23-7934] publish_address {127.0.0.1:9300}, bound_addresses {[::1]:9300}, {127.0.0.1:9300}
[2026-02-27T17:56:14,940][WARN ][o.e.b.BootstrapChecks    ] [D-23-7934] max virtual memory areas vm.max_map_count [65530] is too low, increase to at least [262144]; for more information see [https://www.elastic.co/guide/en/elasticsearch/reference/8.12/_maximum_map_count_check.html]
[2026-02-27T17:56:14,941][INFO ][o.e.c.c.ClusterBootstrapService] [D-23-7934] this node has not joined a bootstrapped cluster yet; [cluster.initial_master_nodes] is set to [D-23-7934]
[2026-02-27T17:56:14,946][INFO ][o.e.c.c.Coordinator      ] [D-23-7934] setting initial configuration to VotingConfiguration{C30-ZzqhS2eH2fPlr_pwOQ}
[2026-02-27T17:56:15,069][INFO ][o.e.c.s.MasterService    ] [D-23-7934] elected-as-master ([1] nodes joined in term 1)[_FINISH_ELECTION_, {D-23-7934}{C30-ZzqhS2eH2fPlr_pwOQ}{Igg7SBsvTpecGfWZ03gR_g}{D-23-7934}{127.0.0.1}{127.0.0.1:9300}{cdfhilmrstw}{8.12.0}{7000099-8500008} completing election], term: 1, version: 1, delta: master node changed {previous [], current [{D-23-7934}{C30-ZzqhS2eH2fPlr_pwOQ}{Igg7SBsvTpecGfWZ03gR_g}{D-23-7934}{127.0.0.1}{127.0.0.1:9300}{cdfhilmrstw}{8.12.0}{7000099-8500008}]}
[2026-02-27T17:56:15,085][INFO ][o.e.c.c.CoordinationState] [D-23-7934] cluster UUID set to [eIR00P0EQR2LeKO2vAyQQg]
[2026-02-27T17:56:15,096][INFO ][o.e.c.s.ClusterApplierService] [D-23-7934] master node changed {previous [], current [{D-23-7934}{C30-ZzqhS2eH2fPlr_pwOQ}{Igg7SBsvTpecGfWZ03gR_g}{D-23-7934}{127.0.0.1}{127.0.0.1:9300}{cdfhilmrstw}{8.12.0}{7000099-8500008}]}, term: 1, version: 1, reason: Publication{term=1, version=1}
[2026-02-27T17:56:15,119][INFO ][o.e.c.f.AbstractFileWatchingService] [D-23-7934] starting file watcher ...
[2026-02-27T17:56:15,122][INFO ][o.e.c.f.AbstractFileWatchingService] [D-23-7934] file settings service up and running [tid=73]
[2026-02-27T17:56:15,127][INFO ][o.e.c.c.NodeJoinExecutor ] [D-23-7934] node-join: [{D-23-7934}{C30-ZzqhS2eH2fPlr_pwOQ}{Igg7SBsvTpecGfWZ03gR_g}{D-23-7934}{127.0.0.1}{127.0.0.1:9300}{cdfhilmrstw}{8.12.0}{7000099-8500008}] with reason [completing election]
[2026-02-27T17:56:15,128][INFO ][o.e.h.AbstractHttpServerTransport] [D-23-7934] publish_address {172.25.2.139:9200}, bound_addresses {[::]:9200}
[2026-02-27T17:56:15,135][INFO ][o.e.n.Node               ] [D-23-7934] started {D-23-7934}{C30-ZzqhS2eH2fPlr_pwOQ}{Igg7SBsvTpecGfWZ03gR_g}{D-23-7934}{127.0.0.1}{127.0.0.1:9300}{cdfhilmrstw}{8.12.0}{7000099-8500008}{ml.max_jvm_size=8250195968, ml.config_version=12.0.0, xpack.installed=true, transform.config_version=10.0.0, ml.machine_memory=16501436416, ml.allocated_processors=8, ml.allocated_processors_double=8.0}
[2026-02-27T17:56:15,190][INFO ][o.e.g.GatewayService     ] [D-23-7934] recovered [0] indices into cluster_state
[2026-02-27T17:56:15,321][INFO ][o.e.c.m.MetadataIndexTemplateService] [D-23-7934] adding index template [.monitoring-kibana-mb] for index patterns [.monitoring-kibana-8-*]
[2026-02-27T17:56:15,325][INFO ][o.e.c.m.MetadataIndexTemplateService] [D-23-7934] adding component template [elastic-connectors-settings]
[2026-02-27T17:56:15,338][INFO ][o.e.c.m.MetadataIndexTemplateService] [D-23-7934] adding component template [elastic-connectors-sync-jobs-mappings]
[2026-02-27T17:56:15,350][INFO ][o.e.c.m.MetadataIndexTemplateService] [D-23-7934] adding template [.monitoring-beats] for index patterns [.monitoring-beats-7-*]
[2026-02-27T17:56:15,356][INFO ][o.e.c.m.MetadataIndexTemplateService] [D-23-7934] adding template [.monitoring-kibana] for index patterns [.monitoring-kibana-7-*]
[2026-02-27T17:56:15,360][INFO ][o.e.c.m.MetadataIndexTemplateService] [D-23-7934] adding index template [search-acl-filter] for index patterns [.search-acl-filter-*]
[2026-02-27T17:56:15,365][INFO ][o.e.c.m.MetadataIndexTemplateService] [D-23-7934] adding template [.monitoring-alerts-7] for index patterns [.monitoring-alerts-7]
[2026-02-27T17:56:15,367][INFO ][o.e.c.m.MetadataIndexTemplateService] [D-23-7934] adding component template [elastic-connectors-sync-jobs-settings]
[2026-02-27T17:56:15,383][INFO ][o.e.c.m.MetadataIndexTemplateService] [D-23-7934] adding template [.monitoring-es] for index patterns [.monitoring-es-7-*]
[2026-02-27T17:56:15,388][INFO ][o.e.c.m.MetadataIndexTemplateService] [D-23-7934] adding component template [elastic-connectors-mappings]
[2026-02-27T17:56:15,396][INFO ][o.e.c.m.MetadataIndexTemplateService] [D-23-7934] adding index template [.ml-notifications-000002] for index patterns [.ml-notifications-000002]
[2026-02-27T17:56:15,400][INFO ][o.e.c.m.MetadataIndexTemplateService] [D-23-7934] adding index template [.ml-state] for index patterns [.ml-state*]
[2026-02-27T17:56:15,414][INFO ][o.e.c.m.MetadataIndexTemplateService] [D-23-7934] adding index template [.ml-anomalies-] for index patterns [.ml-anomalies-*]
[2026-02-27T17:56:15,419][INFO ][o.e.c.m.MetadataIndexTemplateService] [D-23-7934] adding index template [.ml-stats] for index patterns [.ml-stats-*]
[2026-02-27T17:56:15,424][INFO ][o.e.c.m.MetadataIndexTemplateService] [D-23-7934] adding template [.monitoring-logstash] for index patterns [.monitoring-logstash-7-*]
[2026-02-27T17:56:15,432][INFO ][o.e.c.m.MetadataIndexTemplateService] [D-23-7934] adding index template [.monitoring-logstash-mb] for index patterns [.monitoring-logstash-8-*]
[2026-02-27T17:56:15,441][INFO ][o.e.c.m.MetadataIndexTemplateService] [D-23-7934] adding index template [.monitoring-ent-search-mb] for index patterns [.monitoring-ent-search-8-*]
[2026-02-27T17:56:15,448][INFO ][o.e.c.m.MetadataIndexTemplateService] [D-23-7934] adding component template [behavioral_analytics-events-mappings]
[2026-02-27T17:56:15,460][INFO ][o.e.c.m.MetadataIndexTemplateService] [D-23-7934] adding index template [.monitoring-beats-mb] for index patterns [.monitoring-beats-8-*]
[2026-02-27T17:56:15,477][INFO ][o.e.c.m.MetadataIndexTemplateService] [D-23-7934] adding index template [.monitoring-es-mb] for index patterns [.monitoring-es-8-*]
[2026-02-27T17:56:15,482][INFO ][o.e.c.m.MetadataIndexTemplateService] [D-23-7934] adding component template [metrics-mappings]
[2026-02-27T17:56:15,484][INFO ][o.e.c.m.MetadataIndexTemplateService] [D-23-7934] adding component template [metrics-tsdb-settings]
[2026-02-27T17:56:15,490][INFO ][o.e.c.m.MetadataIndexTemplateService] [D-23-7934] adding component template [ecs@dynamic_templates]
[2026-02-27T17:56:15,493][INFO ][o.e.c.m.MetadataIndexTemplateService] [D-23-7934] adding component template [synthetics-mappings]
[2026-02-27T17:56:15,495][INFO ][o.e.c.m.MetadataIndexTemplateService] [D-23-7934] adding component template [metrics-settings]
[2026-02-27T17:56:15,498][INFO ][o.e.c.m.MetadataIndexTemplateService] [D-23-7934] adding component template [synthetics-settings]
[2026-02-27T17:56:15,501][INFO ][o.e.c.m.MetadataIndexTemplateService] [D-23-7934] adding component template [ecs@mappings]
[2026-02-27T17:56:15,504][INFO ][o.e.c.m.MetadataIndexTemplateService] [D-23-7934] adding component template [synthetics@mappings]
[2026-02-27T17:56:15,507][INFO ][o.e.c.m.MetadataIndexTemplateService] [D-23-7934] adding component template [metrics@mappings]
[2026-02-27T17:56:15,510][INFO ][o.e.c.m.MetadataIndexTemplateService] [D-23-7934] adding component template [logs-mappings]
[2026-02-27T17:56:15,513][INFO ][o.e.c.m.MetadataIndexTemplateService] [D-23-7934] adding component template [data-streams@mappings]
[2026-02-27T17:56:15,516][INFO ][o.e.c.m.MetadataIndexTemplateService] [D-23-7934] adding component template [logs@mappings]
[2026-02-27T17:56:15,518][INFO ][o.e.c.m.MetadataIndexTemplateService] [D-23-7934] adding component template [synthetics@settings]
[2026-02-27T17:56:15,520][INFO ][o.e.c.m.MetadataIndexTemplateService] [D-23-7934] adding component template [data-streams-mappings]
[2026-02-27T17:56:15,522][INFO ][o.e.c.m.MetadataIndexTemplateService] [D-23-7934] adding component template [metrics@settings]
[2026-02-27T17:56:15,524][INFO ][o.e.c.m.MetadataIndexTemplateService] [D-23-7934] adding component template [metrics@tsdb-settings]
[2026-02-27T17:56:15,528][INFO ][o.e.c.m.MetadataIndexTemplateService] [D-23-7934] adding index template [.kibana-reporting] for index patterns [.kibana-reporting*]
[2026-02-27T17:56:15,532][INFO ][o.e.c.m.MetadataIndexTemplateService] [D-23-7934] adding index template [.slm-history] for index patterns [.slm-history-5*]
[2026-02-27T17:56:15,536][INFO ][o.e.c.m.MetadataIndexTemplateService] [D-23-7934] adding index template [ilm-history] for index patterns [ilm-history-5*]
[2026-02-27T17:56:15,542][INFO ][o.e.c.m.MetadataIndexTemplateService] [D-23-7934] adding index template [.watch-history-16] for index patterns [.watcher-history-16*]
[2026-02-27T17:56:15,545][INFO ][o.e.c.m.MetadataIndexTemplateService] [D-23-7934] adding component template [.deprecation-indexing-mappings]
[2026-02-27T17:56:15,547][INFO ][o.e.c.m.MetadataIndexTemplateService] [D-23-7934] adding component template [.deprecation-indexing-settings]
[2026-02-27T17:56:15,551][INFO ][o.e.c.m.MetadataIndexTemplateService] [D-23-7934] adding index template [.fleet-fileds-tohost-meta] for index patterns [.fleet-fileds-tohost-meta-*]
[2026-02-27T17:56:15,555][INFO ][o.e.c.m.MetadataIndexTemplateService] [D-23-7934] adding index template [.fleet-fileds-fromhost-data] for index patterns [.fleet-fileds-fromhost-data-*]
[2026-02-27T17:56:15,559][INFO ][o.e.c.m.MetadataIndexTemplateService] [D-23-7934] adding index template [.fleet-fileds-tohost-data] for index patterns [.fleet-fileds-tohost-data-*]
[2026-02-27T17:56:15,562][INFO ][o.e.c.m.MetadataIndexTemplateService] [D-23-7934] adding index template [.fleet-fileds-fromhost-meta] for index patterns [.fleet-fileds-fromhost-meta-*]
[2026-02-27T17:56:15,597][INFO ][o.e.c.m.MetadataIndexTemplateService] [D-23-7934] adding index template [elastic-connectors] for index patterns [.elastic-connectors-v1]
[2026-02-27T17:56:15,602][INFO ][o.e.c.m.MetadataIndexTemplateService] [D-23-7934] adding index template [elastic-connectors-sync-jobs] for index patterns [.elastic-connectors-sync-jobs-v1]
[2026-02-27T17:56:15,606][INFO ][o.e.c.m.MetadataIndexTemplateService] [D-23-7934] adding index template [synthetics] for index patterns [synthetics-*-*]
[2026-02-27T17:56:15,610][INFO ][o.e.c.m.MetadataIndexTemplateService] [D-23-7934] adding index template [metrics] for index patterns [metrics-*-*]
[2026-02-27T17:56:15,613][INFO ][o.e.c.m.MetadataIndexTemplateService] [D-23-7934] adding index template [.deprecation-indexing-template] for index patterns [.logs-deprecation.*]
[2026-02-27T17:56:15,630][INFO ][o.e.x.i.a.TransportPutLifecycleAction] [D-23-7934] adding index lifecycle policy [ml-size-based-ilm-policy]
[2026-02-27T17:56:15,655][INFO ][o.e.x.i.a.TransportPutLifecycleAction] [D-23-7934] adding index lifecycle policy [.monitoring-8-ilm-policy]
[2026-02-27T17:56:15,702][INFO ][o.e.x.c.t.IndexTemplateRegistry] [D-23-7934] adding ingest pipeline behavioral_analytics-events-final_pipeline
[2026-02-27T17:56:15,703][INFO ][o.e.x.c.t.IndexTemplateRegistry] [D-23-7934] adding ingest pipeline logs-default-pipeline
[2026-02-27T17:56:15,703][INFO ][o.e.x.c.t.IndexTemplateRegistry] [D-23-7934] adding ingest pipeline logs@default-pipeline
[2026-02-27T17:56:15,703][INFO ][o.e.x.c.t.IndexTemplateRegistry] [D-23-7934] adding ingest pipeline ent-search-generic-ingestion
[2026-02-27T17:56:15,703][INFO ][o.e.x.c.t.IndexTemplateRegistry] [D-23-7934] adding ingest pipeline logs@json-message
[2026-02-27T17:56:15,703][INFO ][o.e.x.c.t.IndexTemplateRegistry] [D-23-7934] adding ingest pipeline logs@json-pipeline
[2026-02-27T17:56:15,706][INFO ][o.e.c.m.MetadataIndexTemplateService] [D-23-7934] adding component template [behavioral_analytics-events-settings]
[2026-02-27T17:56:15,709][INFO ][o.e.c.m.MetadataIndexTemplateService] [D-23-7934] adding component template [logs@settings]
[2026-02-27T17:56:15,711][INFO ][o.e.c.m.MetadataIndexTemplateService] [D-23-7934] adding component template [logs-settings]
[2026-02-27T17:56:15,732][INFO ][o.e.c.m.MetadataIndexTemplateService] [D-23-7934] adding index template [behavioral_analytics-events-default] for index patterns [behavioral_analytics-events-*]
[2026-02-27T17:56:15,737][INFO ][o.e.c.m.MetadataIndexTemplateService] [D-23-7934] adding index template [logs] for index patterns [logs-*-*]
[2026-02-27T17:56:15,753][INFO ][o.e.x.i.a.TransportPutLifecycleAction] [D-23-7934] adding index lifecycle policy [logs]
[2026-02-27T17:56:15,768][INFO ][o.e.x.i.a.TransportPutLifecycleAction] [D-23-7934] adding index lifecycle policy [90-days-default]
[2026-02-27T17:56:15,787][INFO ][o.e.x.i.a.TransportPutLifecycleAction] [D-23-7934] adding index lifecycle policy [180-days-default]
[2026-02-27T17:56:15,801][INFO ][o.e.x.i.a.TransportPutLifecycleAction] [D-23-7934] adding index lifecycle policy [7-days-default]
[2026-02-27T17:56:15,814][INFO ][o.e.x.i.a.TransportPutLifecycleAction] [D-23-7934] adding index lifecycle policy [30-days-default]
[2026-02-27T17:56:15,827][INFO ][o.e.x.i.a.TransportPutLifecycleAction] [D-23-7934] adding index lifecycle policy [metrics]
[2026-02-27T17:56:15,840][INFO ][o.e.x.i.a.TransportPutLifecycleAction] [D-23-7934] adding index lifecycle policy [synthetics]
[2026-02-27T17:56:15,854][INFO ][o.e.x.i.a.TransportPutLifecycleAction] [D-23-7934] adding index lifecycle policy [365-days-default]
[2026-02-27T17:56:15,867][INFO ][o.e.x.i.a.TransportPutLifecycleAction] [D-23-7934] adding index lifecycle policy [180-days@lifecycle]
[2026-02-27T17:56:15,880][INFO ][o.e.x.i.a.TransportPutLifecycleAction] [D-23-7934] adding index lifecycle policy [synthetics@lifecycle]
[2026-02-27T17:56:15,891][INFO ][o.e.x.i.a.TransportPutLifecycleAction] [D-23-7934] adding index lifecycle policy [metrics@lifecycle]
[2026-02-27T17:56:15,903][INFO ][o.e.x.i.a.TransportPutLifecycleAction] [D-23-7934] adding index lifecycle policy [365-days@lifecycle]
[2026-02-27T17:56:15,916][INFO ][o.e.x.i.a.TransportPutLifecycleAction] [D-23-7934] adding index lifecycle policy [30-days@lifecycle]
[2026-02-27T17:56:15,929][INFO ][o.e.x.i.a.TransportPutLifecycleAction] [D-23-7934] adding index lifecycle policy [90-days@lifecycle]
[2026-02-27T17:56:15,943][INFO ][o.e.x.i.a.TransportPutLifecycleAction] [D-23-7934] adding index lifecycle policy [7-days@lifecycle]
[2026-02-27T17:56:15,956][INFO ][o.e.x.i.a.TransportPutLifecycleAction] [D-23-7934] adding index lifecycle policy [logs@lifecycle]
[2026-02-27T17:56:15,968][INFO ][o.e.x.i.a.TransportPutLifecycleAction] [D-23-7934] adding index lifecycle policy [slm-history-ilm-policy]
[2026-02-27T17:56:15,981][INFO ][o.e.x.i.a.TransportPutLifecycleAction] [D-23-7934] adding index lifecycle policy [watch-history-ilm-policy-16]
[2026-02-27T17:56:15,993][INFO ][o.e.x.i.a.TransportPutLifecycleAction] [D-23-7934] adding index lifecycle policy [ilm-history-ilm-policy]
[2026-02-27T17:56:16,005][INFO ][o.e.x.i.a.TransportPutLifecycleAction] [D-23-7934] adding index lifecycle policy [.fleet-actions-results-ilm-policy]
[2026-02-27T17:56:16,018][INFO ][o.e.x.i.a.TransportPutLifecycleAction] [D-23-7934] adding index lifecycle policy [.fleet-file-tohost-meta-ilm-policy]
[2026-02-27T17:56:16,033][INFO ][o.e.x.i.a.TransportPutLifecycleAction] [D-23-7934] adding index lifecycle policy [.fleet-file-fromhost-data-ilm-policy]
[2026-02-27T17:56:16,046][INFO ][o.e.x.i.a.TransportPutLifecycleAction] [D-23-7934] adding index lifecycle policy [.fleet-file-tohost-data-ilm-policy]
[2026-02-27T17:56:16,058][INFO ][o.e.x.i.a.TransportPutLifecycleAction] [D-23-7934] adding index lifecycle policy [.deprecation-indexing-ilm-policy]
[2026-02-27T17:56:16,070][INFO ][o.e.x.i.a.TransportPutLifecycleAction] [D-23-7934] adding index lifecycle policy [.fleet-file-fromhost-meta-ilm-policy]
[2026-02-27T17:56:16,107][INFO ][o.e.h.n.s.HealthNodeTaskExecutor] [D-23-7934] Node [{D-23-7934}{C30-ZzqhS2eH2fPlr_pwOQ}] is selected as the current health node.
[2026-02-27T17:56:16,152][INFO ][o.e.x.s.a.Realms         ] [D-23-7934] license mode is [basic], currently licensed security realms are [reserved/reserved,file/default_file,native/default_native]
[2026-02-27T17:56:16,153][INFO ][o.e.l.ClusterStateLicenseService] [D-23-7934] license [3350996a-0a9b-49fc-a331-c404515d9837] mode [basic] - valid
[2026-02-27T17:56:24,196][INFO ][o.e.x.s.InitialNodeSecurityAutoConfiguration] [D-23-7934] HTTPS has been configured with automatically generated certificates, and the CA's hex-encoded SHA-256 fingerprint is [912cc60837bc93f8d4d9b0e93e927bcd2a385a753838d2b9ef4e4d4d05218eed]
[2026-02-27T17:56:24,198][INFO ][o.e.x.s.s.SecurityIndexManager] [D-23-7934] security index does not exist, creating [.security-7] with alias [.security]
[2026-02-27T17:56:24,204][INFO ][o.e.x.s.e.InternalEnrollmentTokenGenerator] [D-23-7934] Will not generate node enrollment token because node is only bound on localhost for transport and cannot connect to nodes from other hosts
[2026-02-27T17:56:24,234][INFO ][o.e.c.m.MetadataCreateIndexService] [D-23-7934] [.security-7] creating index, cause [api], templates [], shards [1]/[0]
[2026-02-27T17:56:24,239][INFO ][o.e.x.s.s.SecurityIndexManager] [D-23-7934] security index does not exist, creating [.security-7] with alias [.security]
[2026-02-27T17:56:24,356][INFO ][o.e.c.r.a.AllocationService] [D-23-7934] current.health="GREEN" message="Cluster health status changed from [YELLOW] to [GREEN] (reason: [shards started [[.security-7][0]]])." previous.health="YELLOW" reason="shards started [[.security-7][0]]"
[2026-02-27T17:56:48,808][WARN ][o.e.h.n.Netty4HttpServerTransport] [D-23-7934] received plaintext http traffic on an https channel, closing connection Netty4HttpChannel{localAddress=/[0:0:0:0:0:0:0:1]:9200, remoteAddress=/[0:0:0:0:0:0:0:1]:40074}
[2026-02-27T17:56:49,825][WARN ][o.e.h.n.Netty4HttpServerTransport] [D-23-7934] received plaintext http traffic on an https channel, closing connection Netty4HttpChannel{localAddress=/[0:0:0:0:0:0:0:1]:9200, remoteAddress=/[0:0:0:0:0:0:0:1]:40078}
[2026-02-27T17:56:49,827][WARN ][o.e.h.n.Netty4HttpServerTransport] [D-23-7934] received plaintext http traffic on an https channel, closing connection Netty4HttpChannel{localAddress=/[0:0:0:0:0:0:0:1]:9200, remoteAddress=/[0:0:0:0:0:0:0:1]:40082}
[2026-02-27T17:56:49,829][WARN ][o.e.h.n.Netty4HttpServerTransport] [D-23-7934] received plaintext http traffic on an https channel, closing connection Netty4HttpChannel{localAddress=/[0:0:0:0:0:0:0:1]:9200, remoteAddress=/[0:0:0:0:0:0:0:1]:40096}
[2026-02-27T17:56:54,842][WARN ][o.e.h.n.Netty4HttpServerTransport] [D-23-7934] received plaintext http traffic on an https channel, closing connection Netty4HttpChannel{localAddress=/[0:0:0:0:0:0:0:1]:9200, remoteAddress=/[0:0:0:0:0:0:0:1]:51386}
[2026-02-27T17:57:06,335][WARN ][o.e.h.n.Netty4HttpServerTransport] [D-23-7934] received plaintext http traffic on an https channel, closing connection Netty4HttpChannel{localAddress=/[0:0:0:0:0:0:0:1]:9200, remoteAddress=/[0:0:0:0:0:0:0:1]:48096}
[2026-02-27T17:57:06,788][WARN ][o.e.h.n.Netty4HttpServerTransport] [D-23-7934] received plaintext http traffic on an https channel, closing connection Netty4HttpChannel{localAddress=/[0:0:0:0:0:0:0:1]:9200, remoteAddress=/[0:0:0:0:0:0:0:1]:48108}
[2026-02-27T17:57:06,789][WARN ][o.e.h.n.Netty4HttpServerTransport] [D-23-7934] received plaintext http traffic on an https channel, closing connection Netty4HttpChannel{localAddress=/[0:0:0:0:0:0:0:1]:9200, remoteAddress=/[0:0:0:0:0:0:0:1]:48118}
[2026-02-27T17:57:06,790][WARN ][o.e.h.n.Netty4HttpServerTransport] [D-23-7934] received plaintext http traffic on an https channel, closing connection Netty4HttpChannel{localAddress=/[0:0:0:0:0:0:0:1]:9200, remoteAddress=/[0:0:0:0:0:0:0:1]:48132}
[2026-02-27T17:57:40,783][INFO ][o.e.x.m.p.NativeController] [D-23-7934] Native controller process has stopped - no new native processes can be started
[2026-02-27T17:57:40,785][INFO ][o.e.n.Node               ] [D-23-7934] stopping ...
[2026-02-27T17:57:40,786][INFO ][o.e.c.f.AbstractFileWatchingService] [D-23-7934] shutting down watcher thread
[2026-02-27T17:57:40,787][INFO ][o.e.c.f.AbstractFileWatchingService] [D-23-7934] watcher service stopped
[2026-02-27T17:57:40,788][INFO ][o.e.x.w.WatcherService   ] [D-23-7934] stopping watch service, reason [shutdown initiated]
[2026-02-27T17:57:40,789][INFO ][o.e.x.w.WatcherLifeCycleService] [D-23-7934] watcher has stopped and shutdown
[2026-02-27T17:57:41,286][INFO ][o.e.n.Node               ] [D-23-7934] stopped
[2026-02-27T17:57:41,286][INFO ][o.e.n.Node               ] [D-23-7934] closing ...
[2026-02-27T17:57:41,293][INFO ][o.e.n.Node               ] [D-23-7934] closed
[2026-02-27T17:58:08,499][INFO ][o.a.l.i.v.PanamaVectorizationProvider] [D-23-7934] Java vector incubator API enabled; uses preferredBitSize=512; FMA enabled
[2026-02-27T17:58:08,873][INFO ][o.e.n.Node               ] [D-23-7934] version[8.12.0], pid[40901], build[tar/1665f706fd9354802c02146c1e6b5c0fbcddfbc9/2024-01-11T10:05:27.953830042Z], OS[Linux/6.8.0-101-generic/amd64], JVM[Oracle Corporation/OpenJDK 64-Bit Server VM/21.0.1/21.0.1+12-29]
[2026-02-27T17:58:08,874][INFO ][o.e.n.Node               ] [D-23-7934] JVM home [/home/dev/Documents/Tasks/Training/Project_2/elasticsearch-8.12.0/jdk], using bundled JDK [true]
[2026-02-27T17:58:08,874][INFO ][o.e.n.Node               ] [D-23-7934] JVM arguments [-Des.networkaddress.cache.ttl=60, -Des.networkaddress.cache.negative.ttl=10, -Djava.security.manager=allow, -XX:+AlwaysPreTouch, -Xss1m, -Djava.awt.headless=true, -Dfile.encoding=UTF-8, -Djna.nosys=true, -XX:-OmitStackTraceInFastThrow, -Dio.netty.noUnsafe=true, -Dio.netty.noKeySetOptimization=true, -Dio.netty.recycler.maxCapacityPerThread=0, -Dlog4j.shutdownHookEnabled=false, -Dlog4j2.disable.jmx=true, -Dlog4j2.formatMsgNoLookups=true, -Djava.locale.providers=SPI,COMPAT, --add-opens=java.base/java.io=org.elasticsearch.preallocate, -XX:+UseG1GC, -Djava.io.tmpdir=/tmp/elasticsearch-5991464560338478296, --add-modules=jdk.incubator.vector, -XX:CompileCommand=exclude,org.apache.lucene.util.MSBRadixSorter::computeCommonPrefixLengthAndBuildHistogram, -XX:CompileCommand=exclude,org.apache.lucene.util.RadixSelector::computeCommonPrefixLengthAndBuildHistogram, -XX:+HeapDumpOnOutOfMemoryError, -XX:+ExitOnOutOfMemoryError, -XX:HeapDumpPath=data, -XX:ErrorFile=logs/hs_err_pid%p.log, -Xlog:gc*,gc+age=trace,safepoint:file=logs/gc.log:utctime,level,pid,tags:filecount=32,filesize=64m, -Xms7868m, -Xmx7868m, -XX:MaxDirectMemorySize=4125097984, -XX:G1HeapRegionSize=4m, -XX:InitiatingHeapOccupancyPercent=30, -XX:G1ReservePercent=15, -Des.distribution.type=tar, --module-path=/home/dev/Documents/Tasks/Training/Project_2/elasticsearch-8.12.0/lib, --add-modules=jdk.net, --add-modules=ALL-MODULE-PATH, -Djdk.module.main=org.elasticsearch.server]
[2026-02-27T17:58:10,870][INFO ][o.e.p.PluginsService     ] [D-23-7934] loaded module [repository-url]
[2026-02-27T17:58:10,870][INFO ][o.e.p.PluginsService     ] [D-23-7934] loaded module [rest-root]
[2026-02-27T17:58:10,870][INFO ][o.e.p.PluginsService     ] [D-23-7934] loaded module [x-pack-core]
[2026-02-27T17:58:10,871][INFO ][o.e.p.PluginsService     ] [D-23-7934] loaded module [x-pack-redact]
[2026-02-27T17:58:10,871][INFO ][o.e.p.PluginsService     ] [D-23-7934] loaded module [ingest-user-agent]
[2026-02-27T17:58:10,871][INFO ][o.e.p.PluginsService     ] [D-23-7934] loaded module [x-pack-async-search]
[2026-02-27T17:58:10,871][INFO ][o.e.p.PluginsService     ] [D-23-7934] loaded module [x-pack-monitoring]
[2026-02-27T17:58:10,871][INFO ][o.e.p.PluginsService     ] [D-23-7934] loaded module [repository-s3]
[2026-02-27T17:58:10,871][INFO ][o.e.p.PluginsService     ] [D-23-7934] loaded module [x-pack-analytics]
[2026-02-27T17:58:10,872][INFO ][o.e.p.PluginsService     ] [D-23-7934] loaded module [x-pack-ent-search]
[2026-02-27T17:58:10,872][INFO ][o.e.p.PluginsService     ] [D-23-7934] loaded module [x-pack-autoscaling]
[2026-02-27T17:58:10,872][INFO ][o.e.p.PluginsService     ] [D-23-7934] loaded module [lang-painless]
[2026-02-27T17:58:10,872][INFO ][o.e.p.PluginsService     ] [D-23-7934] loaded module [x-pack-ml]
[2026-02-27T17:58:10,872][INFO ][o.e.p.PluginsService     ] [D-23-7934] loaded module [legacy-geo]
[2026-02-27T17:58:10,873][INFO ][o.e.p.PluginsService     ] [D-23-7934] loaded module [lang-mustache]
[2026-02-27T17:58:10,873][INFO ][o.e.p.PluginsService     ] [D-23-7934] loaded module [x-pack-ql]
[2026-02-27T17:58:10,873][INFO ][o.e.p.PluginsService     ] [D-23-7934] loaded module [rank-rrf]
[2026-02-27T17:58:10,873][INFO ][o.e.p.PluginsService     ] [D-23-7934] loaded module [analysis-common]
[2026-02-27T17:58:10,873][INFO ][o.e.p.PluginsService     ] [D-23-7934] loaded module [health-shards-availability]
[2026-02-27T17:58:10,873][INFO ][o.e.p.PluginsService     ] [D-23-7934] loaded module [transport-netty4]
[2026-02-27T17:58:10,874][INFO ][o.e.p.PluginsService     ] [D-23-7934] loaded module [aggregations]
[2026-02-27T17:58:10,874][INFO ][o.e.p.PluginsService     ] [D-23-7934] loaded module [ingest-common]
[2026-02-27T17:58:10,874][INFO ][o.e.p.PluginsService     ] [D-23-7934] loaded module [frozen-indices]
[2026-02-27T17:58:10,874][INFO ][o.e.p.PluginsService     ] [D-23-7934] loaded module [x-pack-identity-provider]
[2026-02-27T17:58:10,874][INFO ][o.e.p.PluginsService     ] [D-23-7934] loaded module [x-pack-shutdown]
[2026-02-27T17:58:10,874][INFO ][o.e.p.PluginsService     ] [D-23-7934] loaded module [x-pack-text-structure]
[2026-02-27T17:58:10,875][INFO ][o.e.p.PluginsService     ] [D-23-7934] loaded module [snapshot-repo-test-kit]
[2026-02-27T17:58:10,875][INFO ][o.e.p.PluginsService     ] [D-23-7934] loaded module [ml-package-loader]
[2026-02-27T17:58:10,875][INFO ][o.e.p.PluginsService     ] [D-23-7934] loaded module [kibana]
[2026-02-27T17:58:10,875][INFO ][o.e.p.PluginsService     ] [D-23-7934] loaded module [constant-keyword]
[2026-02-27T17:58:10,875][INFO ][o.e.p.PluginsService     ] [D-23-7934] loaded module [x-pack-logstash]
[2026-02-27T17:58:10,875][INFO ][o.e.p.PluginsService     ] [D-23-7934] loaded module [x-pack-ccr]
[2026-02-27T17:58:10,876][INFO ][o.e.p.PluginsService     ] [D-23-7934] loaded module [x-pack-graph]
[2026-02-27T17:58:10,876][INFO ][o.e.p.PluginsService     ] [D-23-7934] loaded module [x-pack-esql]
[2026-02-27T17:58:10,876][INFO ][o.e.p.PluginsService     ] [D-23-7934] loaded module [parent-join]
[2026-02-27T17:58:10,876][INFO ][o.e.p.PluginsService     ] [D-23-7934] loaded module [x-pack-enrich]
[2026-02-27T17:58:10,876][INFO ][o.e.p.PluginsService     ] [D-23-7934] loaded module [counted-keyword]
[2026-02-27T17:58:10,876][INFO ][o.e.p.PluginsService     ] [D-23-7934] loaded module [repositories-metering-api]
[2026-02-27T17:58:10,876][INFO ][o.e.p.PluginsService     ] [D-23-7934] loaded module [transform]
[2026-02-27T17:58:10,877][INFO ][o.e.p.PluginsService     ] [D-23-7934] loaded module [repository-azure]
[2026-02-27T17:58:10,877][INFO ][o.e.p.PluginsService     ] [D-23-7934] loaded module [repository-gcs]
[2026-02-27T17:58:10,877][INFO ][o.e.p.PluginsService     ] [D-23-7934] loaded module [spatial]
[2026-02-27T17:58:10,877][INFO ][o.e.p.PluginsService     ] [D-23-7934] loaded module [mapper-version]
[2026-02-27T17:58:10,877][INFO ][o.e.p.PluginsService     ] [D-23-7934] loaded module [mapper-extras]
[2026-02-27T17:58:10,877][INFO ][o.e.p.PluginsService     ] [D-23-7934] loaded module [apm]
[2026-02-27T17:58:10,877][INFO ][o.e.p.PluginsService     ] [D-23-7934] loaded module [x-pack-rollup]
[2026-02-27T17:58:10,878][INFO ][o.e.p.PluginsService     ] [D-23-7934] loaded module [percolator]
[2026-02-27T17:58:10,878][INFO ][o.e.p.PluginsService     ] [D-23-7934] loaded module [x-pack-stack]
[2026-02-27T17:58:10,878][INFO ][o.e.p.PluginsService     ] [D-23-7934] loaded module [data-streams]
[2026-02-27T17:58:10,878][INFO ][o.e.p.PluginsService     ] [D-23-7934] loaded module [rank-eval]
[2026-02-27T17:58:10,878][INFO ][o.e.p.PluginsService     ] [D-23-7934] loaded module [reindex]
[2026-02-27T17:58:10,878][INFO ][o.e.p.PluginsService     ] [D-23-7934] loaded module [x-pack-security]
[2026-02-27T17:58:10,878][INFO ][o.e.p.PluginsService     ] [D-23-7934] loaded module [blob-cache]
[2026-02-27T17:58:10,879][INFO ][o.e.p.PluginsService     ] [D-23-7934] loaded module [searchable-snapshots]
[2026-02-27T17:58:10,879][INFO ][o.e.p.PluginsService     ] [D-23-7934] loaded module [x-pack-slm]
[2026-02-27T17:58:10,879][INFO ][o.e.p.PluginsService     ] [D-23-7934] loaded module [snapshot-based-recoveries]
[2026-02-27T17:58:10,879][INFO ][o.e.p.PluginsService     ] [D-23-7934] loaded module [x-pack-watcher]
[2026-02-27T17:58:10,879][INFO ][o.e.p.PluginsService     ] [D-23-7934] loaded module [old-lucene-versions]
[2026-02-27T17:58:10,879][INFO ][o.e.p.PluginsService     ] [D-23-7934] loaded module [x-pack-ilm]
[2026-02-27T17:58:10,879][INFO ][o.e.p.PluginsService     ] [D-23-7934] loaded module [x-pack-voting-only-node]
[2026-02-27T17:58:10,879][INFO ][o.e.p.PluginsService     ] [D-23-7934] loaded module [x-pack-inference]
[2026-02-27T17:58:10,880][INFO ][o.e.p.PluginsService     ] [D-23-7934] loaded module [x-pack-deprecation]
[2026-02-27T17:58:10,880][INFO ][o.e.p.PluginsService     ] [D-23-7934] loaded module [x-pack-fleet]
[2026-02-27T17:58:10,880][INFO ][o.e.p.PluginsService     ] [D-23-7934] loaded module [x-pack-profiling]
[2026-02-27T17:58:10,880][INFO ][o.e.p.PluginsService     ] [D-23-7934] loaded module [x-pack-aggregate-metric]
[2026-02-27T17:58:10,880][INFO ][o.e.p.PluginsService     ] [D-23-7934] loaded module [x-pack-downsample]
[2026-02-27T17:58:10,880][INFO ][o.e.p.PluginsService     ] [D-23-7934] loaded module [ingest-geoip]
[2026-02-27T17:58:10,880][INFO ][o.e.p.PluginsService     ] [D-23-7934] loaded module [x-pack-write-load-forecaster]
[2026-02-27T17:58:10,880][INFO ][o.e.p.PluginsService     ] [D-23-7934] loaded module [search-business-rules]
[2026-02-27T17:58:10,881][INFO ][o.e.p.PluginsService     ] [D-23-7934] loaded module [wildcard]
[2026-02-27T17:58:10,881][INFO ][o.e.p.PluginsService     ] [D-23-7934] loaded module [ingest-attachment]
[2026-02-27T17:58:10,881][INFO ][o.e.p.PluginsService     ] [D-23-7934] loaded module [x-pack-apm-data]
[2026-02-27T17:58:10,881][INFO ][o.e.p.PluginsService     ] [D-23-7934] loaded module [x-pack-sql]
[2026-02-27T17:58:10,881][INFO ][o.e.p.PluginsService     ] [D-23-7934] loaded module [unsigned-long]
[2026-02-27T17:58:10,881][INFO ][o.e.p.PluginsService     ] [D-23-7934] loaded module [runtime-fields-common]
[2026-02-27T17:58:10,881][INFO ][o.e.p.PluginsService     ] [D-23-7934] loaded module [x-pack-async]
[2026-02-27T17:58:10,881][INFO ][o.e.p.PluginsService     ] [D-23-7934] loaded module [vector-tile]
[2026-02-27T17:58:10,882][INFO ][o.e.p.PluginsService     ] [D-23-7934] loaded module [lang-expression]
[2026-02-27T17:58:10,882][INFO ][o.e.p.PluginsService     ] [D-23-7934] loaded module [x-pack-eql]
[2026-02-27T17:58:11,342][INFO ][o.e.e.NodeEnvironment    ] [D-23-7934] using [1] data paths, mounts [[/ (/dev/nvme0n1p3)]], net usable_space [177.8gb], net total_space [214.4gb], types [ext4]
[2026-02-27T17:58:11,343][INFO ][o.e.e.NodeEnvironment    ] [D-23-7934] heap size [7.6gb], compressed ordinary object pointers [true]
[2026-02-27T17:58:11,381][INFO ][o.e.n.Node               ] [D-23-7934] node name [D-23-7934], node ID [C30-ZzqhS2eH2fPlr_pwOQ], cluster name [elasticsearch], roles [master, data_warm, data_content, transform, data_hot, ml, data_frozen, ingest, data_cold, data, remote_cluster_client]
[2026-02-27T17:58:14,084][INFO ][o.e.f.FeatureService     ] [D-23-7934] Registered local node features [features_supported, health.dsl.info, usage.data_tiers.precalculate_stats]
[2026-02-27T17:58:14,425][INFO ][o.e.x.m.p.l.CppLogMessageHandler] [D-23-7934] [controller/40937] [Main.cc@123] controller (64 bit): Version 8.12.0 (Build 6d7767a4b41f4c) Copyright (c) 2024 Elasticsearch BV
[2026-02-27T17:58:14,577][INFO ][o.e.t.a.APM              ] [D-23-7934] Sending apm metrics is disabled
[2026-02-27T17:58:14,578][INFO ][o.e.t.a.APM              ] [D-23-7934] Sending apm traces is disabled
[2026-02-27T17:58:14,595][INFO ][o.e.x.s.Security         ] [D-23-7934] Security is enabled
[2026-02-27T17:58:14,892][INFO ][o.e.x.s.a.s.FileRolesStore] [D-23-7934] parsed [0] roles from file [/home/dev/Documents/Tasks/Training/Project_2/elasticsearch-8.12.0/config/roles.yml]
[2026-02-27T17:58:15,302][INFO ][o.e.x.w.Watcher          ] [D-23-7934] Watcher initialized components at 2026-02-27T12:58:15.302Z
[2026-02-27T17:58:15,341][INFO ][o.e.x.p.ProfilingPlugin  ] [D-23-7934] Profiling is enabled
[2026-02-27T17:58:15,356][INFO ][o.e.x.p.ProfilingPlugin  ] [D-23-7934] profiling index templates will not be installed or reinstalled
[2026-02-27T17:58:15,389][INFO ][o.e.x.a.APMPlugin        ] [D-23-7934] APM ingest plugin is disabled
[2026-02-27T17:58:15,813][INFO ][o.e.t.n.NettyAllocator   ] [D-23-7934] creating NettyAllocator with the following configs: [name=elasticsearch_configured, chunk_size=1mb, suggested_max_allocation_size=1mb, factors={es.unsafe.use_netty_default_chunk_and_page_size=false, g1gc_enabled=true, g1gc_region_size=4mb}]
[2026-02-27T17:58:15,863][INFO ][o.e.i.r.RecoverySettings ] [D-23-7934] using rate limit [40mb] with [default=40mb, read=0b, write=0b, max=0b]
[2026-02-27T17:58:15,916][INFO ][o.e.d.DiscoveryModule    ] [D-23-7934] using discovery type [multi-node] and seed hosts providers [settings]
[2026-02-27T17:58:16,793][INFO ][o.e.n.Node               ] [D-23-7934] initialized
[2026-02-27T17:58:16,794][INFO ][o.e.n.Node               ] [D-23-7934] starting ...
[2026-02-27T17:58:16,806][INFO ][o.e.x.s.c.f.PersistentCache] [D-23-7934] persistent cache index loaded
[2026-02-27T17:58:16,808][INFO ][o.e.x.d.l.DeprecationIndexingComponent] [D-23-7934] deprecation component started
[2026-02-27T17:58:16,876][INFO ][o.e.t.TransportService   ] [D-23-7934] publish_address {127.0.0.1:9300}, bound_addresses {[::1]:9300}, {127.0.0.1:9300}
[2026-02-27T17:58:17,085][WARN ][o.e.b.BootstrapChecks    ] [D-23-7934] max virtual memory areas vm.max_map_count [65530] is too low, increase to at least [262144]; for more information see [https://www.elastic.co/guide/en/elasticsearch/reference/8.12/_maximum_map_count_check.html]
[2026-02-27T17:58:17,087][WARN ][o.e.c.c.ClusterBootstrapService] [D-23-7934] this node is locked into cluster UUID [eIR00P0EQR2LeKO2vAyQQg] but [cluster.initial_master_nodes] is set to [D-23-7934]; remove this setting to avoid possible data loss caused by subsequent cluster bootstrap attempts; for further information see https://www.elastic.co/guide/en/elasticsearch/reference/8.12/important-settings.html#initial_master_nodes
[2026-02-27T17:58:17,202][INFO ][o.e.c.s.MasterService    ] [D-23-7934] elected-as-master ([1] nodes joined in term 2)[_FINISH_ELECTION_, {D-23-7934}{C30-ZzqhS2eH2fPlr_pwOQ}{4irKTqN1To6kVD0XH6Dn9Q}{D-23-7934}{127.0.0.1}{127.0.0.1:9300}{cdfhilmrstw}{8.12.0}{7000099-8500008} completing election], term: 2, version: 43, delta: master node changed {previous [], current [{D-23-7934}{C30-ZzqhS2eH2fPlr_pwOQ}{4irKTqN1To6kVD0XH6Dn9Q}{D-23-7934}{127.0.0.1}{127.0.0.1:9300}{cdfhilmrstw}{8.12.0}{7000099-8500008}]}
[2026-02-27T17:58:17,237][INFO ][o.e.c.s.ClusterApplierService] [D-23-7934] master node changed {previous [], current [{D-23-7934}{C30-ZzqhS2eH2fPlr_pwOQ}{4irKTqN1To6kVD0XH6Dn9Q}{D-23-7934}{127.0.0.1}{127.0.0.1:9300}{cdfhilmrstw}{8.12.0}{7000099-8500008}]}, term: 2, version: 43, reason: Publication{term=2, version=43}
[2026-02-27T17:58:17,266][INFO ][o.e.c.f.AbstractFileWatchingService] [D-23-7934] starting file watcher ...
[2026-02-27T17:58:17,271][INFO ][o.e.c.f.AbstractFileWatchingService] [D-23-7934] file settings service up and running [tid=77]
[2026-02-27T17:58:17,276][INFO ][o.e.h.AbstractHttpServerTransport] [D-23-7934] publish_address {172.25.2.139:9200}, bound_addresses {[::]:9200}
[2026-02-27T17:58:17,276][INFO ][o.e.c.c.NodeJoinExecutor ] [D-23-7934] node-join: [{D-23-7934}{C30-ZzqhS2eH2fPlr_pwOQ}{4irKTqN1To6kVD0XH6Dn9Q}{D-23-7934}{127.0.0.1}{127.0.0.1:9300}{cdfhilmrstw}{8.12.0}{7000099-8500008}] with reason [completing election]
[2026-02-27T17:58:17,288][INFO ][o.e.n.Node               ] [D-23-7934] started {D-23-7934}{C30-ZzqhS2eH2fPlr_pwOQ}{4irKTqN1To6kVD0XH6Dn9Q}{D-23-7934}{127.0.0.1}{127.0.0.1:9300}{cdfhilmrstw}{8.12.0}{7000099-8500008}{xpack.installed=true, ml.config_version=12.0.0, ml.max_jvm_size=8250195968, ml.allocated_processors_double=8.0, ml.allocated_processors=8, ml.machine_memory=16501436416, transform.config_version=10.0.0}
[2026-02-27T17:58:17,471][INFO ][o.e.x.s.a.Realms         ] [D-23-7934] license mode is [basic], currently licensed security realms are [reserved/reserved,file/default_file,native/default_native]
[2026-02-27T17:58:17,473][INFO ][o.e.l.ClusterStateLicenseService] [D-23-7934] license [3350996a-0a9b-49fc-a331-c404515d9837] mode [basic] - valid
[2026-02-27T17:58:17,475][INFO ][o.e.g.GatewayService     ] [D-23-7934] recovered [1] indices into cluster_state
[2026-02-27T17:58:17,658][INFO ][o.e.h.n.s.HealthNodeTaskExecutor] [D-23-7934] Node [{D-23-7934}{C30-ZzqhS2eH2fPlr_pwOQ}] is selected as the current health node.
[2026-02-27T17:58:17,699][INFO ][o.e.c.r.a.AllocationService] [D-23-7934] current.health="GREEN" message="Cluster health status changed from [RED] to [GREEN] (reason: [shards started [[.security-7][0]]])." previous.health="RED" reason="shards started [[.security-7][0]]"
[2026-02-27T17:58:58,978][WARN ][o.e.h.n.Netty4HttpServerTransport] [D-23-7934] received plaintext http traffic on an https channel, closing connection Netty4HttpChannel{localAddress=/[0:0:0:0:0:0:0:1]:9200, remoteAddress=/[0:0:0:0:0:0:0:1]:56826}
[2026-02-27T17:58:59,437][WARN ][o.e.h.n.Netty4HttpServerTransport] [D-23-7934] received plaintext http traffic on an https channel, closing connection Netty4HttpChannel{localAddress=/[0:0:0:0:0:0:0:1]:9200, remoteAddress=/[0:0:0:0:0:0:0:1]:56832}
[2026-02-27T17:58:59,438][WARN ][o.e.h.n.Netty4HttpServerTransport] [D-23-7934] received plaintext http traffic on an https channel, closing connection Netty4HttpChannel{localAddress=/[0:0:0:0:0:0:0:1]:9200, remoteAddress=/[0:0:0:0:0:0:0:1]:56844}
[2026-02-27T17:58:59,441][WARN ][o.e.h.n.Netty4HttpServerTransport] [D-23-7934] received plaintext http traffic on an https channel, closing connection Netty4HttpChannel{localAddress=/[0:0:0:0:0:0:0:1]:9200, remoteAddress=/[0:0:0:0:0:0:0:1]:56854}
[2026-02-27T17:58:59,606][WARN ][o.e.h.n.Netty4HttpServerTransport] [D-23-7934] received plaintext http traffic on an https channel, closing connection Netty4HttpChannel{localAddress=/[0:0:0:0:0:0:0:1]:9200, remoteAddress=/[0:0:0:0:0:0:0:1]:56856}
[2026-02-27T17:58:59,758][WARN ][o.e.h.n.Netty4HttpServerTransport] [D-23-7934] received plaintext http traffic on an https channel, closing connection Netty4HttpChannel{localAddress=/[0:0:0:0:0:0:0:1]:9200, remoteAddress=/[0:0:0:0:0:0:0:1]:56862}
[2026-02-27T17:58:59,760][WARN ][o.e.h.n.Netty4HttpServerTransport] [D-23-7934] received plaintext http traffic on an https channel, closing connection Netty4HttpChannel{localAddress=/[0:0:0:0:0:0:0:1]:9200, remoteAddress=/[0:0:0:0:0:0:0:1]:56868}
[2026-02-27T17:58:59,762][WARN ][o.e.h.n.Netty4HttpServerTransport] [D-23-7934] received plaintext http traffic on an https channel, closing connection Netty4HttpChannel{localAddress=/[0:0:0:0:0:0:0:1]:9200, remoteAddress=/[0:0:0:0:0:0:0:1]:56882}
[2026-02-27T17:59:56,440][WARN ][o.e.h.n.Netty4HttpServerTransport] [D-23-7934] http client did not trust this server's certificate, closing connection Netty4HttpChannel{localAddress=/[0:0:0:0:0:0:0:1]:9200, remoteAddress=/[0:0:0:0:0:0:0:1]:48952}
[2026-02-27T17:59:56,440][WARN ][o.e.h.n.Netty4HttpServerTransport] [D-23-7934] http client did not trust this server's certificate, closing connection Netty4HttpChannel{localAddress=/[0:0:0:0:0:0:0:1]:9200, remoteAddress=/[0:0:0:0:0:0:0:1]:48958}
[2026-02-27T17:59:59,417][WARN ][o.e.h.n.Netty4HttpServerTransport] [D-23-7934] http client did not trust this server's certificate, closing connection Netty4HttpChannel{localAddress=/[0:0:0:0:0:0:0:1]:9200, remoteAddress=/[0:0:0:0:0:0:0:1]:48982}
[2026-02-27T17:59:59,423][WARN ][o.e.h.n.Netty4HttpServerTransport] [D-23-7934] http client did not trust this server's certificate, closing connection Netty4HttpChannel{localAddress=/[0:0:0:0:0:0:0:1]:9200, remoteAddress=/[0:0:0:0:0:0:0:1]:48970}
[2026-02-27T18:01:07,931][WARN ][o.e.h.n.Netty4HttpServerTransport] [D-23-7934] http client did not trust this server's certificate, closing connection Netty4HttpChannel{localAddress=/[0:0:0:0:0:0:0:1]:9200, remoteAddress=/[0:0:0:0:0:0:0:1]:52074}
[2026-02-27T18:01:07,940][INFO ][o.e.x.s.a.RealmsAuthenticator] [D-23-7934] Authentication of [elastic] was terminated by realm [reserved] - failed to authenticate user [elastic]
[2026-02-27T18:01:11,245][INFO ][o.e.x.s.a.RealmsAuthenticator] [D-23-7934] Authentication of [elastic] was terminated by realm [reserved] - failed to authenticate user [elastic]
[2026-02-27T18:01:11,258][WARN ][o.e.h.n.Netty4HttpServerTransport] [D-23-7934] http client did not trust this server's certificate, closing connection Netty4HttpChannel{localAddress=/[0:0:0:0:0:0:0:1]:9200, remoteAddress=/[0:0:0:0:0:0:0:1]:52086}
[2026-02-27T18:03:26,884][INFO ][o.e.x.m.p.NativeController] [D-23-7934] Native controller process has stopped - no new native processes can be started
[2026-02-27T18:03:26,886][INFO ][o.e.n.Node               ] [D-23-7934] stopping ...
[2026-02-27T18:03:26,887][INFO ][o.e.c.f.AbstractFileWatchingService] [D-23-7934] shutting down watcher thread
[2026-02-27T18:03:26,888][INFO ][o.e.c.f.AbstractFileWatchingService] [D-23-7934] watcher service stopped
[2026-02-27T18:03:26,888][INFO ][o.e.x.w.WatcherService   ] [D-23-7934] stopping watch service, reason [shutdown initiated]
[2026-02-27T18:03:26,889][INFO ][o.e.x.w.WatcherLifeCycleService] [D-23-7934] watcher has stopped and shutdown
[2026-02-27T18:03:27,409][INFO ][o.e.n.Node               ] [D-23-7934] stopped
[2026-02-27T18:03:27,409][INFO ][o.e.n.Node               ] [D-23-7934] closing ...
[2026-02-27T18:03:27,417][INFO ][o.e.n.Node               ] [D-23-7934] closed
[2026-02-27T18:36:28,741][INFO ][o.a.l.i.v.PanamaVectorizationProvider] [D-23-7934] Java vector incubator API enabled; uses preferredBitSize=512; FMA enabled
[2026-02-27T18:36:29,050][INFO ][o.e.n.Node               ] [D-23-7934] version[8.12.0], pid[52654], build[tar/1665f706fd9354802c02146c1e6b5c0fbcddfbc9/2024-01-11T10:05:27.953830042Z], OS[Linux/6.8.0-101-generic/amd64], JVM[Oracle Corporation/OpenJDK 64-Bit Server VM/21.0.1/21.0.1+12-29]
[2026-02-27T18:36:29,051][INFO ][o.e.n.Node               ] [D-23-7934] JVM home [/home/dev/Documents/Tasks/Training/Project_2/elasticsearch-8.12.0/jdk], using bundled JDK [true]
[2026-02-27T18:36:29,051][INFO ][o.e.n.Node               ] [D-23-7934] JVM arguments [-Des.networkaddress.cache.ttl=60, -Des.networkaddress.cache.negative.ttl=10, -Djava.security.manager=allow, -XX:+AlwaysPreTouch, -Xss1m, -Djava.awt.headless=true, -Dfile.encoding=UTF-8, -Djna.nosys=true, -XX:-OmitStackTraceInFastThrow, -Dio.netty.noUnsafe=true, -Dio.netty.noKeySetOptimization=true, -Dio.netty.recycler.maxCapacityPerThread=0, -Dlog4j.shutdownHookEnabled=false, -Dlog4j2.disable.jmx=true, -Dlog4j2.formatMsgNoLookups=true, -Djava.locale.providers=SPI,COMPAT, --add-opens=java.base/java.io=org.elasticsearch.preallocate, -XX:+UseG1GC, -Djava.io.tmpdir=/tmp/elasticsearch-8118816715360395433, --add-modules=jdk.incubator.vector, -XX:CompileCommand=exclude,org.apache.lucene.util.MSBRadixSorter::computeCommonPrefixLengthAndBuildHistogram, -XX:CompileCommand=exclude,org.apache.lucene.util.RadixSelector::computeCommonPrefixLengthAndBuildHistogram, -XX:+HeapDumpOnOutOfMemoryError, -XX:+ExitOnOutOfMemoryError, -XX:HeapDumpPath=data, -XX:ErrorFile=logs/hs_err_pid%p.log, -Xlog:gc*,gc+age=trace,safepoint:file=logs/gc.log:utctime,level,pid,tags:filecount=32,filesize=64m, -Xms7868m, -Xmx7868m, -XX:MaxDirectMemorySize=4125097984, -XX:G1HeapRegionSize=4m, -XX:InitiatingHeapOccupancyPercent=30, -XX:G1ReservePercent=15, -Des.distribution.type=tar, --module-path=/home/dev/Documents/Tasks/Training/Project_2/elasticsearch-8.12.0/lib, --add-modules=jdk.net, --add-modules=ALL-MODULE-PATH, -Djdk.module.main=org.elasticsearch.server]
[2026-02-27T18:36:31,150][INFO ][o.e.p.PluginsService     ] [D-23-7934] loaded module [repository-url]
[2026-02-27T18:36:31,150][INFO ][o.e.p.PluginsService     ] [D-23-7934] loaded module [rest-root]
[2026-02-27T18:36:31,150][INFO ][o.e.p.PluginsService     ] [D-23-7934] loaded module [x-pack-core]
[2026-02-27T18:36:31,150][INFO ][o.e.p.PluginsService     ] [D-23-7934] loaded module [x-pack-redact]
[2026-02-27T18:36:31,150][INFO ][o.e.p.PluginsService     ] [D-23-7934] loaded module [ingest-user-agent]
[2026-02-27T18:36:31,151][INFO ][o.e.p.PluginsService     ] [D-23-7934] loaded module [x-pack-async-search]
[2026-02-27T18:36:31,151][INFO ][o.e.p.PluginsService     ] [D-23-7934] loaded module [x-pack-monitoring]
[2026-02-27T18:36:31,151][INFO ][o.e.p.PluginsService     ] [D-23-7934] loaded module [repository-s3]
[2026-02-27T18:36:31,151][INFO ][o.e.p.PluginsService     ] [D-23-7934] loaded module [x-pack-analytics]
[2026-02-27T18:36:31,151][INFO ][o.e.p.PluginsService     ] [D-23-7934] loaded module [x-pack-ent-search]
[2026-02-27T18:36:31,151][INFO ][o.e.p.PluginsService     ] [D-23-7934] loaded module [x-pack-autoscaling]
[2026-02-27T18:36:31,151][INFO ][o.e.p.PluginsService     ] [D-23-7934] loaded module [lang-painless]
[2026-02-27T18:36:31,152][INFO ][o.e.p.PluginsService     ] [D-23-7934] loaded module [x-pack-ml]
[2026-02-27T18:36:31,152][INFO ][o.e.p.PluginsService     ] [D-23-7934] loaded module [legacy-geo]
[2026-02-27T18:36:31,152][INFO ][o.e.p.PluginsService     ] [D-23-7934] loaded module [lang-mustache]
[2026-02-27T18:36:31,152][INFO ][o.e.p.PluginsService     ] [D-23-7934] loaded module [x-pack-ql]
[2026-02-27T18:36:31,152][INFO ][o.e.p.PluginsService     ] [D-23-7934] loaded module [rank-rrf]
[2026-02-27T18:36:31,152][INFO ][o.e.p.PluginsService     ] [D-23-7934] loaded module [analysis-common]
[2026-02-27T18:36:31,153][INFO ][o.e.p.PluginsService     ] [D-23-7934] loaded module [health-shards-availability]
[2026-02-27T18:36:31,153][INFO ][o.e.p.PluginsService     ] [D-23-7934] loaded module [transport-netty4]
[2026-02-27T18:36:31,153][INFO ][o.e.p.PluginsService     ] [D-23-7934] loaded module [aggregations]
[2026-02-27T18:36:31,153][INFO ][o.e.p.PluginsService     ] [D-23-7934] loaded module [ingest-common]
[2026-02-27T18:36:31,153][INFO ][o.e.p.PluginsService     ] [D-23-7934] loaded module [frozen-indices]
[2026-02-27T18:36:31,153][INFO ][o.e.p.PluginsService     ] [D-23-7934] loaded module [x-pack-identity-provider]
[2026-02-27T18:36:31,153][INFO ][o.e.p.PluginsService     ] [D-23-7934] loaded module [x-pack-shutdown]
[2026-02-27T18:36:31,153][INFO ][o.e.p.PluginsService     ] [D-23-7934] loaded module [x-pack-text-structure]
[2026-02-27T18:36:31,154][INFO ][o.e.p.PluginsService     ] [D-23-7934] loaded module [snapshot-repo-test-kit]
[2026-02-27T18:36:31,154][INFO ][o.e.p.PluginsService     ] [D-23-7934] loaded module [ml-package-loader]
[2026-02-27T18:36:31,154][INFO ][o.e.p.PluginsService     ] [D-23-7934] loaded module [kibana]
[2026-02-27T18:36:31,154][INFO ][o.e.p.PluginsService     ] [D-23-7934] loaded module [constant-keyword]
[2026-02-27T18:36:31,154][INFO ][o.e.p.PluginsService     ] [D-23-7934] loaded module [x-pack-logstash]
[2026-02-27T18:36:31,154][INFO ][o.e.p.PluginsService     ] [D-23-7934] loaded module [x-pack-ccr]
[2026-02-27T18:36:31,154][INFO ][o.e.p.PluginsService     ] [D-23-7934] loaded module [x-pack-graph]
[2026-02-27T18:36:31,155][INFO ][o.e.p.PluginsService     ] [D-23-7934] loaded module [x-pack-esql]
[2026-02-27T18:36:31,155][INFO ][o.e.p.PluginsService     ] [D-23-7934] loaded module [parent-join]
[2026-02-27T18:36:31,155][INFO ][o.e.p.PluginsService     ] [D-23-7934] loaded module [x-pack-enrich]
[2026-02-27T18:36:31,155][INFO ][o.e.p.PluginsService     ] [D-23-7934] loaded module [counted-keyword]
[2026-02-27T18:36:31,155][INFO ][o.e.p.PluginsService     ] [D-23-7934] loaded module [repositories-metering-api]
[2026-02-27T18:36:31,155][INFO ][o.e.p.PluginsService     ] [D-23-7934] loaded module [transform]
[2026-02-27T18:36:31,155][INFO ][o.e.p.PluginsService     ] [D-23-7934] loaded module [repository-azure]
[2026-02-27T18:36:31,156][INFO ][o.e.p.PluginsService     ] [D-23-7934] loaded module [repository-gcs]
[2026-02-27T18:36:31,156][INFO ][o.e.p.PluginsService     ] [D-23-7934] loaded module [spatial]
[2026-02-27T18:36:31,156][INFO ][o.e.p.PluginsService     ] [D-23-7934] loaded module [mapper-version]
[2026-02-27T18:36:31,156][INFO ][o.e.p.PluginsService     ] [D-23-7934] loaded module [mapper-extras]
[2026-02-27T18:36:31,156][INFO ][o.e.p.PluginsService     ] [D-23-7934] loaded module [apm]
[2026-02-27T18:36:31,156][INFO ][o.e.p.PluginsService     ] [D-23-7934] loaded module [x-pack-rollup]
[2026-02-27T18:36:31,156][INFO ][o.e.p.PluginsService     ] [D-23-7934] loaded module [percolator]
[2026-02-27T18:36:31,156][INFO ][o.e.p.PluginsService     ] [D-23-7934] loaded module [x-pack-stack]
[2026-02-27T18:36:31,156][INFO ][o.e.p.PluginsService     ] [D-23-7934] loaded module [data-streams]
[2026-02-27T18:36:31,157][INFO ][o.e.p.PluginsService     ] [D-23-7934] loaded module [rank-eval]
[2026-02-27T18:36:31,157][INFO ][o.e.p.PluginsService     ] [D-23-7934] loaded module [reindex]
[2026-02-27T18:36:31,157][INFO ][o.e.p.PluginsService     ] [D-23-7934] loaded module [x-pack-security]
[2026-02-27T18:36:31,157][INFO ][o.e.p.PluginsService     ] [D-23-7934] loaded module [blob-cache]
[2026-02-27T18:36:31,157][INFO ][o.e.p.PluginsService     ] [D-23-7934] loaded module [searchable-snapshots]
[2026-02-27T18:36:31,157][INFO ][o.e.p.PluginsService     ] [D-23-7934] loaded module [x-pack-slm]
[2026-02-27T18:36:31,157][INFO ][o.e.p.PluginsService     ] [D-23-7934] loaded module [snapshot-based-recoveries]
[2026-02-27T18:36:31,157][INFO ][o.e.p.PluginsService     ] [D-23-7934] loaded module [x-pack-watcher]
[2026-02-27T18:36:31,157][INFO ][o.e.p.PluginsService     ] [D-23-7934] loaded module [old-lucene-versions]
[2026-02-27T18:36:31,157][INFO ][o.e.p.PluginsService     ] [D-23-7934] loaded module [x-pack-ilm]
[2026-02-27T18:36:31,158][INFO ][o.e.p.PluginsService     ] [D-23-7934] loaded module [x-pack-voting-only-node]
[2026-02-27T18:36:31,158][INFO ][o.e.p.PluginsService     ] [D-23-7934] loaded module [x-pack-inference]
[2026-02-27T18:36:31,158][INFO ][o.e.p.PluginsService     ] [D-23-7934] loaded module [x-pack-deprecation]
[2026-02-27T18:36:31,158][INFO ][o.e.p.PluginsService     ] [D-23-7934] loaded module [x-pack-fleet]
[2026-02-27T18:36:31,158][INFO ][o.e.p.PluginsService     ] [D-23-7934] loaded module [x-pack-profiling]
[2026-02-27T18:36:31,158][INFO ][o.e.p.PluginsService     ] [D-23-7934] loaded module [x-pack-aggregate-metric]
[2026-02-27T18:36:31,158][INFO ][o.e.p.PluginsService     ] [D-23-7934] loaded module [x-pack-downsample]
[2026-02-27T18:36:31,158][INFO ][o.e.p.PluginsService     ] [D-23-7934] loaded module [ingest-geoip]
[2026-02-27T18:36:31,158][INFO ][o.e.p.PluginsService     ] [D-23-7934] loaded module [x-pack-write-load-forecaster]
[2026-02-27T18:36:31,158][INFO ][o.e.p.PluginsService     ] [D-23-7934] loaded module [search-business-rules]
[2026-02-27T18:36:31,159][INFO ][o.e.p.PluginsService     ] [D-23-7934] loaded module [wildcard]
[2026-02-27T18:36:31,159][INFO ][o.e.p.PluginsService     ] [D-23-7934] loaded module [ingest-attachment]
[2026-02-27T18:36:31,159][INFO ][o.e.p.PluginsService     ] [D-23-7934] loaded module [x-pack-apm-data]
[2026-02-27T18:36:31,159][INFO ][o.e.p.PluginsService     ] [D-23-7934] loaded module [x-pack-sql]
[2026-02-27T18:36:31,159][INFO ][o.e.p.PluginsService     ] [D-23-7934] loaded module [unsigned-long]
[2026-02-27T18:36:31,159][INFO ][o.e.p.PluginsService     ] [D-23-7934] loaded module [runtime-fields-common]
[2026-02-27T18:36:31,159][INFO ][o.e.p.PluginsService     ] [D-23-7934] loaded module [x-pack-async]
[2026-02-27T18:36:31,159][INFO ][o.e.p.PluginsService     ] [D-23-7934] loaded module [vector-tile]
[2026-02-27T18:36:31,159][INFO ][o.e.p.PluginsService     ] [D-23-7934] loaded module [lang-expression]
[2026-02-27T18:36:31,159][INFO ][o.e.p.PluginsService     ] [D-23-7934] loaded module [x-pack-eql]
[2026-02-27T18:36:31,579][INFO ][o.e.e.NodeEnvironment    ] [D-23-7934] using [1] data paths, mounts [[/ (/dev/nvme0n1p3)]], net usable_space [177.8gb], net total_space [214.4gb], types [ext4]
[2026-02-27T18:36:31,579][INFO ][o.e.e.NodeEnvironment    ] [D-23-7934] heap size [7.6gb], compressed ordinary object pointers [true]
[2026-02-27T18:36:31,613][INFO ][o.e.n.Node               ] [D-23-7934] node name [D-23-7934], node ID [C30-ZzqhS2eH2fPlr_pwOQ], cluster name [elasticsearch], roles [transform, data_content, data_warm, master, remote_cluster_client, data, data_cold, ingest, data_frozen, ml, data_hot]
[2026-02-27T18:36:34,319][INFO ][o.e.f.FeatureService     ] [D-23-7934] Registered local node features [features_supported, health.dsl.info, usage.data_tiers.precalculate_stats]
[2026-02-27T18:36:34,769][INFO ][o.e.x.m.p.l.CppLogMessageHandler] [D-23-7934] [controller/52695] [Main.cc@123] controller (64 bit): Version 8.12.0 (Build 6d7767a4b41f4c) Copyright (c) 2024 Elasticsearch BV
[2026-02-27T18:36:34,924][INFO ][o.e.t.a.APM              ] [D-23-7934] Sending apm metrics is disabled
[2026-02-27T18:36:34,924][INFO ][o.e.t.a.APM              ] [D-23-7934] Sending apm traces is disabled
[2026-02-27T18:36:34,941][INFO ][o.e.x.s.Security         ] [D-23-7934] Security is enabled
[2026-02-27T18:36:35,358][INFO ][o.e.x.s.a.s.FileRolesStore] [D-23-7934] parsed [0] roles from file [/home/dev/Documents/Tasks/Training/Project_2/elasticsearch-8.12.0/config/roles.yml]
[2026-02-27T18:36:35,744][INFO ][o.e.x.w.Watcher          ] [D-23-7934] Watcher initialized components at 2026-02-27T13:36:35.744Z
[2026-02-27T18:36:35,781][INFO ][o.e.x.p.ProfilingPlugin  ] [D-23-7934] Profiling is enabled
[2026-02-27T18:36:35,793][INFO ][o.e.x.p.ProfilingPlugin  ] [D-23-7934] profiling index templates will not be installed or reinstalled
[2026-02-27T18:36:35,822][INFO ][o.e.x.a.APMPlugin        ] [D-23-7934] APM ingest plugin is disabled
[2026-02-27T18:36:36,211][INFO ][o.e.t.n.NettyAllocator   ] [D-23-7934] creating NettyAllocator with the following configs: [name=elasticsearch_configured, chunk_size=1mb, suggested_max_allocation_size=1mb, factors={es.unsafe.use_netty_default_chunk_and_page_size=false, g1gc_enabled=true, g1gc_region_size=4mb}]
[2026-02-27T18:36:36,254][INFO ][o.e.i.r.RecoverySettings ] [D-23-7934] using rate limit [40mb] with [default=40mb, read=0b, write=0b, max=0b]
[2026-02-27T18:36:36,302][INFO ][o.e.d.DiscoveryModule    ] [D-23-7934] using discovery type [multi-node] and seed hosts providers [settings]
[2026-02-27T18:36:37,065][INFO ][o.e.n.Node               ] [D-23-7934] initialized
[2026-02-27T18:36:37,066][INFO ][o.e.n.Node               ] [D-23-7934] starting ...
[2026-02-27T18:36:37,076][INFO ][o.e.x.s.c.f.PersistentCache] [D-23-7934] persistent cache index loaded
[2026-02-27T18:36:37,077][INFO ][o.e.x.d.l.DeprecationIndexingComponent] [D-23-7934] deprecation component started
[2026-02-27T18:36:37,139][INFO ][o.e.t.TransportService   ] [D-23-7934] publish_address {127.0.0.1:9300}, bound_addresses {[::1]:9300}, {127.0.0.1:9300}
[2026-02-27T18:36:37,333][WARN ][o.e.b.BootstrapChecks    ] [D-23-7934] max virtual memory areas vm.max_map_count [65530] is too low, increase to at least [262144]; for more information see [https://www.elastic.co/guide/en/elasticsearch/reference/8.12/_maximum_map_count_check.html]
[2026-02-27T18:36:37,334][WARN ][o.e.c.c.ClusterBootstrapService] [D-23-7934] this node is locked into cluster UUID [eIR00P0EQR2LeKO2vAyQQg] but [cluster.initial_master_nodes] is set to [D-23-7934]; remove this setting to avoid possible data loss caused by subsequent cluster bootstrap attempts; for further information see https://www.elastic.co/guide/en/elasticsearch/reference/8.12/important-settings.html#initial_master_nodes
[2026-02-27T18:36:37,440][INFO ][o.e.c.s.MasterService    ] [D-23-7934] elected-as-master ([1] nodes joined in term 3)[_FINISH_ELECTION_, {D-23-7934}{C30-ZzqhS2eH2fPlr_pwOQ}{cnfBtiNNQYqJuKGrJzsDFQ}{D-23-7934}{127.0.0.1}{127.0.0.1:9300}{cdfhilmrstw}{8.12.0}{7000099-8500008} completing election], term: 3, version: 51, delta: master node changed {previous [], current [{D-23-7934}{C30-ZzqhS2eH2fPlr_pwOQ}{cnfBtiNNQYqJuKGrJzsDFQ}{D-23-7934}{127.0.0.1}{127.0.0.1:9300}{cdfhilmrstw}{8.12.0}{7000099-8500008}]}
[2026-02-27T18:36:37,470][INFO ][o.e.c.s.ClusterApplierService] [D-23-7934] master node changed {previous [], current [{D-23-7934}{C30-ZzqhS2eH2fPlr_pwOQ}{cnfBtiNNQYqJuKGrJzsDFQ}{D-23-7934}{127.0.0.1}{127.0.0.1:9300}{cdfhilmrstw}{8.12.0}{7000099-8500008}]}, term: 3, version: 51, reason: Publication{term=3, version=51}
[2026-02-27T18:36:37,491][INFO ][o.e.c.f.AbstractFileWatchingService] [D-23-7934] starting file watcher ...
[2026-02-27T18:36:37,494][INFO ][o.e.c.f.AbstractFileWatchingService] [D-23-7934] file settings service up and running [tid=77]
[2026-02-27T18:36:37,500][INFO ][o.e.h.AbstractHttpServerTransport] [D-23-7934] publish_address {172.25.2.139:9200}, bound_addresses {[::]:9200}
[2026-02-27T18:36:37,501][INFO ][o.e.c.c.NodeJoinExecutor ] [D-23-7934] node-join: [{D-23-7934}{C30-ZzqhS2eH2fPlr_pwOQ}{cnfBtiNNQYqJuKGrJzsDFQ}{D-23-7934}{127.0.0.1}{127.0.0.1:9300}{cdfhilmrstw}{8.12.0}{7000099-8500008}] with reason [completing election]
[2026-02-27T18:36:37,508][INFO ][o.e.n.Node               ] [D-23-7934] started {D-23-7934}{C30-ZzqhS2eH2fPlr_pwOQ}{cnfBtiNNQYqJuKGrJzsDFQ}{D-23-7934}{127.0.0.1}{127.0.0.1:9300}{cdfhilmrstw}{8.12.0}{7000099-8500008}{ml.config_version=12.0.0, xpack.installed=true, transform.config_version=10.0.0, ml.machine_memory=16501436416, ml.allocated_processors=8, ml.allocated_processors_double=8.0, ml.max_jvm_size=8250195968}
[2026-02-27T18:36:37,674][INFO ][o.e.x.s.a.Realms         ] [D-23-7934] license mode is [basic], currently licensed security realms are [reserved/reserved,file/default_file,native/default_native]
[2026-02-27T18:36:37,676][INFO ][o.e.l.ClusterStateLicenseService] [D-23-7934] license [3350996a-0a9b-49fc-a331-c404515d9837] mode [basic] - valid
[2026-02-27T18:36:37,678][INFO ][o.e.g.GatewayService     ] [D-23-7934] recovered [1] indices into cluster_state
[2026-02-27T18:36:37,830][INFO ][o.e.h.n.s.HealthNodeTaskExecutor] [D-23-7934] Node [{D-23-7934}{C30-ZzqhS2eH2fPlr_pwOQ}] is selected as the current health node.
[2026-02-27T18:36:37,867][INFO ][o.e.c.r.a.AllocationService] [D-23-7934] current.health="GREEN" message="Cluster health status changed from [RED] to [GREEN] (reason: [shards started [[.security-7][0]]])." previous.health="RED" reason="shards started [[.security-7][0]]"
[2026-02-27T18:38:39,379][INFO ][o.e.x.s.a.f.FileUserPasswdStore] [D-23-7934] users file [/home/dev/Documents/Tasks/Training/Project_2/elasticsearch-8.12.0/config/users] changed. updating users...
[2026-02-27T18:38:39,381][INFO ][o.e.x.s.a.f.FileUserRolesStore] [D-23-7934] users roles file [/home/dev/Documents/Tasks/Training/Project_2/elasticsearch-8.12.0/config/users_roles] changed. updating users roles...
[2026-02-27T18:38:59,391][INFO ][o.e.x.s.a.f.FileUserPasswdStore] [D-23-7934] users file [/home/dev/Documents/Tasks/Training/Project_2/elasticsearch-8.12.0/config/users] changed. updating users...
[2026-02-27T18:38:59,392][INFO ][o.e.x.s.a.f.FileUserRolesStore] [D-23-7934] users roles file [/home/dev/Documents/Tasks/Training/Project_2/elasticsearch-8.12.0/config/users_roles] changed. updating users roles...
[2026-02-27T18:39:09,177][WARN ][o.e.h.n.Netty4HttpServerTransport] [D-23-7934] http client did not trust this server's certificate, closing connection Netty4HttpChannel{localAddress=/[0:0:0:0:0:0:0:1]:9200, remoteAddress=/[0:0:0:0:0:0:0:1]:54954}
[2026-02-27T18:39:09,178][WARN ][o.e.h.n.Netty4HttpServerTransport] [D-23-7934] http client did not trust this server's certificate, closing connection Netty4HttpChannel{localAddress=/[0:0:0:0:0:0:0:1]:9200, remoteAddress=/[0:0:0:0:0:0:0:1]:54962}
[2026-02-27T18:54:58,567][INFO ][o.e.x.s.a.RealmsAuthenticator] [D-23-7934] Authentication of [elastic] was terminated by realm [reserved] - failed to authenticate user [elastic]
[2026-02-27T19:00:48,000][INFO ][o.e.c.m.MetadataCreateIndexService] [D-23-7934] [.ds-.logs-deprecation.elasticsearch-default-2026.02.27-000001] creating index, cause [initialize_data_stream], templates [.deprecation-indexing-template], shards [1]/[1]
[2026-02-27T19:00:48,003][INFO ][o.e.c.m.MetadataCreateDataStreamService] [D-23-7934] adding data stream [.logs-deprecation.elasticsearch-default] with write index [.ds-.logs-deprecation.elasticsearch-default-2026.02.27-000001], backing indices [], and aliases []
[2026-02-27T19:00:48,005][INFO ][o.e.c.r.a.AllocationService] [D-23-7934] updating number_of_replicas to [0] for indices [.ds-.logs-deprecation.elasticsearch-default-2026.02.27-000001]
[2026-02-27T19:00:48,070][INFO ][o.e.x.i.IndexLifecycleTransition] [D-23-7934] moving index [.ds-.logs-deprecation.elasticsearch-default-2026.02.27-000001] from [null] to [{"phase":"new","action":"complete","name":"complete"}] in policy [.deprecation-indexing-ilm-policy]
[2026-02-27T19:00:48,094][INFO ][o.e.c.r.a.AllocationService] [D-23-7934] current.health="GREEN" message="Cluster health status changed from [YELLOW] to [GREEN] (reason: [shards started [[.ds-.logs-deprecation.elasticsearch-default-2026.02.27-000001][0]]])." previous.health="YELLOW" reason="shards started [[.ds-.logs-deprecation.elasticsearch-default-2026.02.27-000001][0]]"
[2026-02-27T19:00:48,116][INFO ][o.e.x.i.IndexLifecycleTransition] [D-23-7934] moving index [.ds-.logs-deprecation.elasticsearch-default-2026.02.27-000001] from [{"phase":"new","action":"complete","name":"complete"}] to [{"phase":"hot","action":"unfollow","name":"branch-check-unfollow-prerequisites"}] in policy [.deprecation-indexing-ilm-policy]
[2026-02-27T19:00:48,145][INFO ][o.e.c.m.MetadataMappingService] [D-23-7934] [.ds-.logs-deprecation.elasticsearch-default-2026.02.27-000001/tfag4RrERM-HqpLlK5p9zA] update_mapping [_doc]
[2026-02-27T19:00:48,182][INFO ][o.e.x.i.IndexLifecycleTransition] [D-23-7934] moving index [.ds-.logs-deprecation.elasticsearch-default-2026.02.27-000001] from [{"phase":"hot","action":"unfollow","name":"branch-check-unfollow-prerequisites"}] to [{"phase":"hot","action":"rollover","name":"check-rollover-ready"}] in policy [.deprecation-indexing-ilm-policy]
[2026-02-27T19:00:53,100][INFO ][o.e.c.m.MetadataCreateIndexService] [D-23-7934] [.ds-ilm-history-5-2026.02.27-000001] creating index, cause [initialize_data_stream], templates [ilm-history], shards [1]/[0]
[2026-02-27T19:00:53,101][INFO ][o.e.c.m.MetadataCreateDataStreamService] [D-23-7934] adding data stream [ilm-history-5] with write index [.ds-ilm-history-5-2026.02.27-000001], backing indices [], and aliases []
[2026-02-27T19:00:53,163][INFO ][o.e.x.i.IndexLifecycleTransition] [D-23-7934] moving index [.ds-ilm-history-5-2026.02.27-000001] from [null] to [{"phase":"new","action":"complete","name":"complete"}] in policy [ilm-history-ilm-policy]
[2026-02-27T19:00:53,184][INFO ][o.e.c.r.a.AllocationService] [D-23-7934] current.health="GREEN" message="Cluster health status changed from [YELLOW] to [GREEN] (reason: [shards started [[.ds-ilm-history-5-2026.02.27-000001][0]]])." previous.health="YELLOW" reason="shards started [[.ds-ilm-history-5-2026.02.27-000001][0]]"
[2026-02-27T19:00:53,199][INFO ][o.e.x.i.IndexLifecycleTransition] [D-23-7934] moving index [.ds-ilm-history-5-2026.02.27-000001] from [{"phase":"new","action":"complete","name":"complete"}] to [{"phase":"hot","action":"unfollow","name":"branch-check-unfollow-prerequisites"}] in policy [ilm-history-ilm-policy]
[2026-02-27T19:00:53,216][INFO ][o.e.x.i.IndexLifecycleTransition] [D-23-7934] moving index [.ds-ilm-history-5-2026.02.27-000001] from [{"phase":"hot","action":"unfollow","name":"branch-check-unfollow-prerequisites"}] to [{"phase":"hot","action":"rollover","name":"check-rollover-ready"}] in policy [ilm-history-ilm-policy]
[2026-02-27T19:20:34,768][INFO ][o.e.c.m.MetadataCreateIndexService] [D-23-7934] [mymodel] creating index, cause [api], templates [], shards [1]/[1]
[2026-02-27T19:34:33,080][INFO ][o.e.c.m.MetadataDeleteIndexService] [D-23-7934] [mymodel/get9EsstTm2w9-fsogYtYg] deleting index
[2026-02-27T19:34:33,142][INFO ][o.e.c.m.MetadataCreateIndexService] [D-23-7934] [mymodel] creating index, cause [api], templates [], shards [1]/[1]
[2026-02-27T20:06:24,171][INFO ][o.e.x.m.p.NativeController] [D-23-7934] Native controller process has stopped - no new native processes can be started
[2026-02-27T20:06:24,175][INFO ][o.e.n.Node               ] [D-23-7934] stopping ...
[2026-02-27T20:06:24,177][INFO ][o.e.c.f.AbstractFileWatchingService] [D-23-7934] shutting down watcher thread
[2026-02-27T20:06:24,179][INFO ][o.e.c.f.AbstractFileWatchingService] [D-23-7934] watcher service stopped
[2026-02-27T20:06:24,180][INFO ][o.e.x.w.WatcherService   ] [D-23-7934] stopping watch service, reason [shutdown initiated]
[2026-02-27T20:06:24,182][INFO ][o.e.x.w.WatcherLifeCycleService] [D-23-7934] watcher has stopped and shutdown
[2026-02-27T20:06:24,260][INFO ][o.e.n.Node               ] [D-23-7934] stopped
[2026-02-27T20:06:24,260][INFO ][o.e.n.Node               ] [D-23-7934] closing ...
[2026-02-27T20:06:24,275][INFO ][o.e.n.Node               ] [D-23-7934] closed
